Started POST "/users/sign_in" for ::1 at 2020-01-04 15:15:17 +0400
Processing by Devise::SessionsController#create as HTML
  Parameters: {"authenticity_token"=>"f7CBoy8wIQ9jvv6jm7IgbK9dN+IUIp0RvkdZoTA3y4/PIVA6RxuClZYTq+WH0apZasfGFVlU+8ES/bLuhoHCNQ==", "user"=>{"email"=>"alexandr.mirz12@gmail.com", "password"=>"[FILTERED]", "remember_me"=>"0"}, "commit"=>"Log in "}
Completed 401 Unauthorized in 2ms (ActiveRecord: 0.0ms | Allocations: 539)


Processing by Devise::SessionsController#new as HTML
  Parameters: {"authenticity_token"=>"f7CBoy8wIQ9jvv6jm7IgbK9dN+IUIp0RvkdZoTA3y4/PIVA6RxuClZYTq+WH0apZasfGFVlU+8ES/bLuhoHCNQ==", "user"=>{"email"=>"alexandr.mirz12@gmail.com", "password"=>"[FILTERED]", "remember_me"=>"0"}, "commit"=>"Log in "}
  Rendering devise/sessions/new.html.erb within layouts/application
  Rendered devise/shared/_links.html.erb (Duration: 0.4ms | Allocations: 152)
  Rendered devise/shared/_links.html.erb (Duration: 0.3ms | Allocations: 151)
  Rendered devise/sessions/new.html.erb within layouts/application (Duration: 6.9ms | Allocations: 1995)
[Webpacker] Everything's up-to-date. Nothing to do
  Rendered layouts/_header.html.erb (Duration: 0.3ms | Allocations: 86)
Completed 200 OK in 204ms (Views: 202.6ms | ActiveRecord: 0.0ms | Allocations: 7580)


Started POST "/users/sign_in" for ::1 at 2020-01-04 15:15:22 +0400
Processing by Devise::SessionsController#create as HTML
  Parameters: {"authenticity_token"=>"Sj87se9fFRxiGK6b2vZwj5nUTj+SPfa8TCbSF3mmuhb6ruooh3S2hpe1+93Glfq6XE6/yN9LkGzgnDlYzxCzrA==", "user"=>{"email"=>"alexandr.mirz12@gmail.com", "password"=>"[FILTERED]", "remember_me"=>"0"}, "commit"=>"Log in "}
  [1m[36mUser Load (0.6ms)[0m  [1m[34mSELECT "users".* FROM "users" WHERE "users"."email" = ? ORDER BY "users"."id" ASC LIMIT ?[0m  [["email", "alexandr.mirz12@gmail.com"], ["LIMIT", 1]]
Redirected to http://localhost:3000/
Completed 302 Found in 485ms (ActiveRecord: 0.6ms | Allocations: 7983)


Started GET "/" for ::1 at 2020-01-04 15:15:23 +0400
Processing by PostsController#landing_page as HTML
  [1m[36mUser Load (0.9ms)[0m  [1m[34mSELECT "users".* FROM "users" WHERE "users"."id" = ? ORDER BY "users"."id" ASC LIMIT ?[0m  [["id", 3], ["LIMIT", 1]]
  Rendering posts/landing_page.html.erb within layouts/application
  [1m[36mPost Load (0.5ms)[0m  [1m[34mSELECT "posts".* FROM "posts"[0m
  ↳ app/views/posts/landing_page.html.erb:10
  [1m[36mActiveStorage::Attachment Load (0.6ms)[0m  [1m[34mSELECT "active_storage_attachments".* FROM "active_storage_attachments" WHERE "active_storage_attachments"."record_id" = ? AND "active_storage_attachments"."record_type" = ? AND "active_storage_attachments"."name" = ? LIMIT ?[0m  [["record_id", 21], ["record_type", "Post"], ["name", "image"], ["LIMIT", 1]]
  ↳ app/helpers/posts_helper.rb:3:in `post_image'
  [1m[36mActiveStorage::Attachment Load (0.5ms)[0m  [1m[34mSELECT "active_storage_attachments".* FROM "active_storage_attachments" WHERE "active_storage_attachments"."record_id" = ? AND "active_storage_attachments"."record_type" = ? AND "active_storage_attachments"."name" = ? LIMIT ?[0m  [["record_id", 22], ["record_type", "Post"], ["name", "image"], ["LIMIT", 1]]
  ↳ app/helpers/posts_helper.rb:3:in `post_image'
  [1m[36mActiveStorage::Attachment Load (1.2ms)[0m  [1m[34mSELECT "active_storage_attachments".* FROM "active_storage_attachments" WHERE "active_storage_attachments"."record_id" = ? AND "active_storage_attachments"."record_type" = ? AND "active_storage_attachments"."name" = ? LIMIT ?[0m  [["record_id", 23], ["record_type", "Post"], ["name", "image"], ["LIMIT", 1]]
  ↳ app/helpers/posts_helper.rb:3:in `post_image'
  [1m[36mActiveStorage::Attachment Load (0.7ms)[0m  [1m[34mSELECT "active_storage_attachments".* FROM "active_storage_attachments" WHERE "active_storage_attachments"."record_id" = ? AND "active_storage_attachments"."record_type" = ? AND "active_storage_attachments"."name" = ? LIMIT ?[0m  [["record_id", 24], ["record_type", "Post"], ["name", "image"], ["LIMIT", 1]]
  ↳ app/helpers/posts_helper.rb:3:in `post_image'
  [1m[36mActiveStorage::Attachment Load (0.5ms)[0m  [1m[34mSELECT "active_storage_attachments".* FROM "active_storage_attachments" WHERE "active_storage_attachments"."record_id" = ? AND "active_storage_attachments"."record_type" = ? AND "active_storage_attachments"."name" = ? LIMIT ?[0m  [["record_id", 25], ["record_type", "Post"], ["name", "image"], ["LIMIT", 1]]
  ↳ app/helpers/posts_helper.rb:3:in `post_image'
  [1m[36mActiveStorage::Attachment Load (0.5ms)[0m  [1m[34mSELECT "active_storage_attachments".* FROM "active_storage_attachments" WHERE "active_storage_attachments"."record_id" = ? AND "active_storage_attachments"."record_type" = ? AND "active_storage_attachments"."name" = ? LIMIT ?[0m  [["record_id", 26], ["record_type", "Post"], ["name", "image"], ["LIMIT", 1]]
  ↳ app/helpers/posts_helper.rb:3:in `post_image'
  [1m[36mActiveStorage::Attachment Load (0.7ms)[0m  [1m[34mSELECT "active_storage_attachments".* FROM "active_storage_attachments" WHERE "active_storage_attachments"."record_id" = ? AND "active_storage_attachments"."record_type" = ? AND "active_storage_attachments"."name" = ? LIMIT ?[0m  [["record_id", 27], ["record_type", "Post"], ["name", "image"], ["LIMIT", 1]]
  ↳ app/helpers/posts_helper.rb:3:in `post_image'
  Rendered posts/landing_page.html.erb within layouts/application (Duration: 315.9ms | Allocations: 42218)
[Webpacker] Everything's up-to-date. Nothing to do
  Rendered layouts/_header.html.erb (Duration: 0.7ms | Allocations: 161)
Completed 200 OK in 503ms (Views: 416.6ms | ActiveRecord: 9.3ms | Allocations: 58164)


Started GET "/posts" for ::1 at 2020-01-04 15:15:28 +0400
Processing by PostsController#index as HTML
  [1m[36mUser Load (1.6ms)[0m  [1m[34mSELECT "users".* FROM "users" WHERE "users"."id" = ? ORDER BY "users"."id" ASC LIMIT ?[0m  [["id", 3], ["LIMIT", 1]]
  Rendering posts/index.html.erb within layouts/application
  [1m[36mPost Load (0.4ms)[0m  [1m[34mSELECT "posts".* FROM "posts"[0m
  ↳ app/views/posts/index.html.erb:12
  Rendered posts/index.html.erb within layouts/application (Duration: 37.6ms | Allocations: 12096)
[Webpacker] Everything's up-to-date. Nothing to do
  Rendered layouts/_header.html.erb (Duration: 0.3ms | Allocations: 157)
Completed 200 OK in 130ms (Views: 115.3ms | ActiveRecord: 2.0ms | Allocations: 41805)


Started GET "/posts/new" for ::1 at 2020-01-04 15:15:31 +0400
Processing by PostsController#new as HTML
  [1m[36mUser Load (0.9ms)[0m  [1m[34mSELECT "users".* FROM "users" WHERE "users"."id" = ? ORDER BY "users"."id" ASC LIMIT ?[0m  [["id", 3], ["LIMIT", 1]]
  Rendering posts/new.html.erb within layouts/application
  Rendered posts/_form.html.erb (Duration: 59.5ms | Allocations: 17161)
  Rendered posts/new.html.erb within layouts/application (Duration: 72.8ms | Allocations: 21041)
[Webpacker] Everything's up-to-date. Nothing to do
  Rendered layouts/_header.html.erb (Duration: 0.3ms | Allocations: 145)
Completed 200 OK in 247ms (Views: 174.3ms | ActiveRecord: 0.9ms | Allocations: 35845)


Started GET "/" for ::1 at 2020-01-04 15:15:35 +0400
Processing by PostsController#landing_page as HTML
  [1m[36mUser Load (0.5ms)[0m  [1m[34mSELECT "users".* FROM "users" WHERE "users"."id" = ? ORDER BY "users"."id" ASC LIMIT ?[0m  [["id", 3], ["LIMIT", 1]]
  Rendering posts/landing_page.html.erb within layouts/application
  [1m[36mPost Load (3.0ms)[0m  [1m[34mSELECT "posts".* FROM "posts"[0m
  ↳ app/views/posts/landing_page.html.erb:10
  [1m[36mActiveStorage::Attachment Load (5.1ms)[0m  [1m[34mSELECT "active_storage_attachments".* FROM "active_storage_attachments" WHERE "active_storage_attachments"."record_id" = ? AND "active_storage_attachments"."record_type" = ? AND "active_storage_attachments"."name" = ? LIMIT ?[0m  [["record_id", 21], ["record_type", "Post"], ["name", "image"], ["LIMIT", 1]]
  ↳ app/helpers/posts_helper.rb:3:in `post_image'
  [1m[36mActiveStorage::Attachment Load (0.5ms)[0m  [1m[34mSELECT "active_storage_attachments".* FROM "active_storage_attachments" WHERE "active_storage_attachments"."record_id" = ? AND "active_storage_attachments"."record_type" = ? AND "active_storage_attachments"."name" = ? LIMIT ?[0m  [["record_id", 22], ["record_type", "Post"], ["name", "image"], ["LIMIT", 1]]
  ↳ app/helpers/posts_helper.rb:3:in `post_image'
  [1m[36mActiveStorage::Attachment Load (0.5ms)[0m  [1m[34mSELECT "active_storage_attachments".* FROM "active_storage_attachments" WHERE "active_storage_attachments"."record_id" = ? AND "active_storage_attachments"."record_type" = ? AND "active_storage_attachments"."name" = ? LIMIT ?[0m  [["record_id", 23], ["record_type", "Post"], ["name", "image"], ["LIMIT", 1]]
  ↳ app/helpers/posts_helper.rb:3:in `post_image'
  [1m[36mActiveStorage::Attachment Load (2.1ms)[0m  [1m[34mSELECT "active_storage_attachments".* FROM "active_storage_attachments" WHERE "active_storage_attachments"."record_id" = ? AND "active_storage_attachments"."record_type" = ? AND "active_storage_attachments"."name" = ? LIMIT ?[0m  [["record_id", 24], ["record_type", "Post"], ["name", "image"], ["LIMIT", 1]]
  ↳ app/helpers/posts_helper.rb:3:in `post_image'
  [1m[36mActiveStorage::Attachment Load (0.6ms)[0m  [1m[34mSELECT "active_storage_attachments".* FROM "active_storage_attachments" WHERE "active_storage_attachments"."record_id" = ? AND "active_storage_attachments"."record_type" = ? AND "active_storage_attachments"."name" = ? LIMIT ?[0m  [["record_id", 25], ["record_type", "Post"], ["name", "image"], ["LIMIT", 1]]
  ↳ app/helpers/posts_helper.rb:3:in `post_image'
  [1m[36mActiveStorage::Attachment Load (0.5ms)[0m  [1m[34mSELECT "active_storage_attachments".* FROM "active_storage_attachments" WHERE "active_storage_attachments"."record_id" = ? AND "active_storage_attachments"."record_type" = ? AND "active_storage_attachments"."name" = ? LIMIT ?[0m  [["record_id", 26], ["record_type", "Post"], ["name", "image"], ["LIMIT", 1]]
  ↳ app/helpers/posts_helper.rb:3:in `post_image'
  [1m[36mActiveStorage::Attachment Load (0.4ms)[0m  [1m[34mSELECT "active_storage_attachments".* FROM "active_storage_attachments" WHERE "active_storage_attachments"."record_id" = ? AND "active_storage_attachments"."record_type" = ? AND "active_storage_attachments"."name" = ? LIMIT ?[0m  [["record_id", 27], ["record_type", "Post"], ["name", "image"], ["LIMIT", 1]]
  ↳ app/helpers/posts_helper.rb:3:in `post_image'
  Rendered posts/landing_page.html.erb within layouts/application (Duration: 111.0ms | Allocations: 11351)
[Webpacker] Everything's up-to-date. Nothing to do
  Rendered layouts/_header.html.erb (Duration: 0.5ms | Allocations: 154)
Completed 200 OK in 210ms (Views: 177.9ms | ActiveRecord: 13.0ms | Allocations: 18223)


Started GET "/posts" for ::1 at 2020-01-04 15:15:43 +0400
Processing by PostsController#index as HTML
  [1m[36mUser Load (0.9ms)[0m  [1m[34mSELECT "users".* FROM "users" WHERE "users"."id" = ? ORDER BY "users"."id" ASC LIMIT ?[0m  [["id", 3], ["LIMIT", 1]]
  Rendering posts/index.html.erb within layouts/application
  [1m[36mPost Load (1.1ms)[0m  [1m[34mSELECT "posts".* FROM "posts"[0m
  ↳ app/views/posts/index.html.erb:12
  Rendered posts/index.html.erb within layouts/application (Duration: 18.3ms | Allocations: 1568)
[Webpacker] Everything's up-to-date. Nothing to do
  Rendered layouts/_header.html.erb (Duration: 0.6ms | Allocations: 154)
Completed 200 OK in 149ms (Views: 134.3ms | ActiveRecord: 2.0ms | Allocations: 8436)


Started GET "/posts" for ::1 at 2020-01-04 15:17:46 +0400
Processing by PostsController#index as HTML
  [1m[36mUser Load (0.4ms)[0m  [1m[34mSELECT "users".* FROM "users" WHERE "users"."id" = ? ORDER BY "users"."id" ASC LIMIT ?[0m  [["id", 3], ["LIMIT", 1]]
  Rendering posts/index.html.erb within layouts/application
  [1m[36mPost Load (0.4ms)[0m  [1m[34mSELECT "posts".* FROM "posts"[0m
  ↳ app/views/posts/index.html.erb:12
  [1m[36mActiveStorage::Attachment Load (0.3ms)[0m  [1m[34mSELECT "active_storage_attachments".* FROM "active_storage_attachments" WHERE "active_storage_attachments"."record_id" = ? AND "active_storage_attachments"."record_type" = ? AND "active_storage_attachments"."name" = ? LIMIT ?[0m  [["record_id", 21], ["record_type", "Post"], ["name", "image"], ["LIMIT", 1]]
  ↳ app/helpers/posts_helper.rb:3:in `post_image'
  [1m[36mActiveStorage::Attachment Load (0.4ms)[0m  [1m[34mSELECT "active_storage_attachments".* FROM "active_storage_attachments" WHERE "active_storage_attachments"."record_id" = ? AND "active_storage_attachments"."record_type" = ? AND "active_storage_attachments"."name" = ? LIMIT ?[0m  [["record_id", 22], ["record_type", "Post"], ["name", "image"], ["LIMIT", 1]]
  ↳ app/helpers/posts_helper.rb:3:in `post_image'
  [1m[36mActiveStorage::Attachment Load (0.3ms)[0m  [1m[34mSELECT "active_storage_attachments".* FROM "active_storage_attachments" WHERE "active_storage_attachments"."record_id" = ? AND "active_storage_attachments"."record_type" = ? AND "active_storage_attachments"."name" = ? LIMIT ?[0m  [["record_id", 23], ["record_type", "Post"], ["name", "image"], ["LIMIT", 1]]
  ↳ app/helpers/posts_helper.rb:3:in `post_image'
  [1m[36mActiveStorage::Attachment Load (0.3ms)[0m  [1m[34mSELECT "active_storage_attachments".* FROM "active_storage_attachments" WHERE "active_storage_attachments"."record_id" = ? AND "active_storage_attachments"."record_type" = ? AND "active_storage_attachments"."name" = ? LIMIT ?[0m  [["record_id", 24], ["record_type", "Post"], ["name", "image"], ["LIMIT", 1]]
  ↳ app/helpers/posts_helper.rb:3:in `post_image'
  [1m[36mActiveStorage::Attachment Load (0.3ms)[0m  [1m[34mSELECT "active_storage_attachments".* FROM "active_storage_attachments" WHERE "active_storage_attachments"."record_id" = ? AND "active_storage_attachments"."record_type" = ? AND "active_storage_attachments"."name" = ? LIMIT ?[0m  [["record_id", 25], ["record_type", "Post"], ["name", "image"], ["LIMIT", 1]]
  ↳ app/helpers/posts_helper.rb:3:in `post_image'
  [1m[36mActiveStorage::Attachment Load (0.4ms)[0m  [1m[34mSELECT "active_storage_attachments".* FROM "active_storage_attachments" WHERE "active_storage_attachments"."record_id" = ? AND "active_storage_attachments"."record_type" = ? AND "active_storage_attachments"."name" = ? LIMIT ?[0m  [["record_id", 26], ["record_type", "Post"], ["name", "image"], ["LIMIT", 1]]
  ↳ app/helpers/posts_helper.rb:3:in `post_image'
  [1m[36mActiveStorage::Attachment Load (0.4ms)[0m  [1m[34mSELECT "active_storage_attachments".* FROM "active_storage_attachments" WHERE "active_storage_attachments"."record_id" = ? AND "active_storage_attachments"."record_type" = ? AND "active_storage_attachments"."name" = ? LIMIT ?[0m  [["record_id", 27], ["record_type", "Post"], ["name", "image"], ["LIMIT", 1]]
  ↳ app/helpers/posts_helper.rb:3:in `post_image'
  Rendered posts/index.html.erb within layouts/application (Duration: 94.2ms | Allocations: 11508)
[Webpacker] Everything's up-to-date. Nothing to do
  Rendered layouts/_header.html.erb (Duration: 40.1ms | Allocations: 461)
Completed 200 OK in 249ms (Views: 236.3ms | ActiveRecord: 3.2ms | Allocations: 19978)


Started GET "/posts/new" for ::1 at 2020-01-04 15:17:52 +0400
Processing by PostsController#new as HTML
  [1m[36mUser Load (2.5ms)[0m  [1m[34mSELECT "users".* FROM "users" WHERE "users"."id" = ? ORDER BY "users"."id" ASC LIMIT ?[0m  [["id", 3], ["LIMIT", 1]]
  Rendering posts/new.html.erb within layouts/application
  Rendered posts/_form.html.erb (Duration: 2.6ms | Allocations: 949)
  Rendered posts/new.html.erb within layouts/application (Duration: 7.3ms | Allocations: 1333)
[Webpacker] Everything's up-to-date. Nothing to do
  Rendered layouts/_header.html.erb (Duration: 0.5ms | Allocations: 145)
Completed 200 OK in 134ms (Views: 108.2ms | ActiveRecord: 2.5ms | Allocations: 29798)


Started POST "/posts" for ::1 at 2020-01-04 15:18:11 +0400
Processing by PostsController#create as HTML
  Parameters: {"authenticity_token"=>"UrlXrbuoZmNS7cVvdJZaHRFqNMZNqVnJ9G0MjvOKiZnf/AZ0cn5AYb92KPMkybsjG9mBr98uW5Z7xf3io10gDw==", "post"=>{"art_title"=>"IDK", "posts_content"=>"Test Art", "post_image"=>#<ActionDispatch::Http::UploadedFile:0x0000000007ca5d30 @tempfile=#<Tempfile:C:/Users/User/AppData/Local/Temp/RackMultipart20200104-1864-1ws940.png>, @original_filename="dasacucak.png", @content_type="image/png", @headers="Content-Disposition: form-data; name=\"post[post_image]\"; filename=\"dasacucak.png\"\r\nContent-Type: image/png\r\n">}, "commit"=>"Create Post"}
  [1m[36mUser Load (1.1ms)[0m  [1m[34mSELECT "users".* FROM "users" WHERE "users"."id" = ? ORDER BY "users"."id" ASC LIMIT ?[0m  [["id", 3], ["LIMIT", 1]]
[31mUnpermitted parameter: :post_image[0m
[31mUnpermitted parameter: :post_image[0m
  [1m[35m (0.2ms)[0m  [1m[36mbegin transaction[0m
  ↳ app/controllers/posts_controller.rb:35:in `block in create'
  [1m[36mPost Create (3.3ms)[0m  [1m[32mINSERT INTO "posts" ("posts_content", "art_title", "user_id", "created_at", "updated_at") VALUES (?, ?, ?, ?, ?)[0m  [["posts_content", "Test Art"], ["art_title", "IDK"], ["user_id", 3], ["created_at", "2020-01-04 11:18:11.180471"], ["updated_at", "2020-01-04 11:18:11.180471"]]
  ↳ app/controllers/posts_controller.rb:35:in `block in create'
  [1m[35m (19.3ms)[0m  [1m[36mcommit transaction[0m
  ↳ app/controllers/posts_controller.rb:35:in `block in create'
Redirected to http://localhost:3000/posts/28
Completed 302 Found in 67ms (ActiveRecord: 23.9ms | Allocations: 4870)


Started GET "/posts/28" for ::1 at 2020-01-04 15:18:11 +0400
Processing by PostsController#show as HTML
  Parameters: {"id"=>"28"}
  [1m[36mUser Load (0.6ms)[0m  [1m[34mSELECT "users".* FROM "users" WHERE "users"."id" = ? ORDER BY "users"."id" ASC LIMIT ?[0m  [["id", 3], ["LIMIT", 1]]
  [1m[36mPost Load (0.7ms)[0m  [1m[34mSELECT "posts".* FROM "posts" WHERE "posts"."id" = ? LIMIT ?[0m  [["id", 28], ["LIMIT", 1]]
  ↳ app/controllers/posts_controller.rb:72:in `set_post'
  Rendering posts/show.html.erb within layouts/application
  Rendered posts/show.html.erb within layouts/application (Duration: 16.2ms | Allocations: 265)
[Webpacker] Everything's up-to-date. Nothing to do
  Rendered layouts/_header.html.erb (Duration: 0.8ms | Allocations: 157)
Completed 200 OK in 155ms (Views: 134.7ms | ActiveRecord: 1.3ms | Allocations: 7962)


Started GET "/posts" for ::1 at 2020-01-04 15:18:15 +0400
Processing by PostsController#index as HTML
  [1m[36mUser Load (0.5ms)[0m  [1m[34mSELECT "users".* FROM "users" WHERE "users"."id" = ? ORDER BY "users"."id" ASC LIMIT ?[0m  [["id", 3], ["LIMIT", 1]]
  Rendering posts/index.html.erb within layouts/application
  [1m[36mPost Load (2.8ms)[0m  [1m[34mSELECT "posts".* FROM "posts"[0m
  ↳ app/views/posts/index.html.erb:12
  [1m[36mActiveStorage::Attachment Load (0.7ms)[0m  [1m[34mSELECT "active_storage_attachments".* FROM "active_storage_attachments" WHERE "active_storage_attachments"."record_id" = ? AND "active_storage_attachments"."record_type" = ? AND "active_storage_attachments"."name" = ? LIMIT ?[0m  [["record_id", 21], ["record_type", "Post"], ["name", "image"], ["LIMIT", 1]]
  ↳ app/helpers/posts_helper.rb:3:in `post_image'
  [1m[36mActiveStorage::Attachment Load (0.4ms)[0m  [1m[34mSELECT "active_storage_attachments".* FROM "active_storage_attachments" WHERE "active_storage_attachments"."record_id" = ? AND "active_storage_attachments"."record_type" = ? AND "active_storage_attachments"."name" = ? LIMIT ?[0m  [["record_id", 22], ["record_type", "Post"], ["name", "image"], ["LIMIT", 1]]
  ↳ app/helpers/posts_helper.rb:3:in `post_image'
  [1m[36mActiveStorage::Attachment Load (1.0ms)[0m  [1m[34mSELECT "active_storage_attachments".* FROM "active_storage_attachments" WHERE "active_storage_attachments"."record_id" = ? AND "active_storage_attachments"."record_type" = ? AND "active_storage_attachments"."name" = ? LIMIT ?[0m  [["record_id", 23], ["record_type", "Post"], ["name", "image"], ["LIMIT", 1]]
  ↳ app/helpers/posts_helper.rb:3:in `post_image'
  [1m[36mActiveStorage::Attachment Load (0.3ms)[0m  [1m[34mSELECT "active_storage_attachments".* FROM "active_storage_attachments" WHERE "active_storage_attachments"."record_id" = ? AND "active_storage_attachments"."record_type" = ? AND "active_storage_attachments"."name" = ? LIMIT ?[0m  [["record_id", 24], ["record_type", "Post"], ["name", "image"], ["LIMIT", 1]]
  ↳ app/helpers/posts_helper.rb:3:in `post_image'
  [1m[36mActiveStorage::Attachment Load (0.3ms)[0m  [1m[34mSELECT "active_storage_attachments".* FROM "active_storage_attachments" WHERE "active_storage_attachments"."record_id" = ? AND "active_storage_attachments"."record_type" = ? AND "active_storage_attachments"."name" = ? LIMIT ?[0m  [["record_id", 25], ["record_type", "Post"], ["name", "image"], ["LIMIT", 1]]
  ↳ app/helpers/posts_helper.rb:3:in `post_image'
  [1m[36mActiveStorage::Attachment Load (0.5ms)[0m  [1m[34mSELECT "active_storage_attachments".* FROM "active_storage_attachments" WHERE "active_storage_attachments"."record_id" = ? AND "active_storage_attachments"."record_type" = ? AND "active_storage_attachments"."name" = ? LIMIT ?[0m  [["record_id", 26], ["record_type", "Post"], ["name", "image"], ["LIMIT", 1]]
  ↳ app/helpers/posts_helper.rb:3:in `post_image'
  [1m[36mActiveStorage::Attachment Load (1.0ms)[0m  [1m[34mSELECT "active_storage_attachments".* FROM "active_storage_attachments" WHERE "active_storage_attachments"."record_id" = ? AND "active_storage_attachments"."record_type" = ? AND "active_storage_attachments"."name" = ? LIMIT ?[0m  [["record_id", 27], ["record_type", "Post"], ["name", "image"], ["LIMIT", 1]]
  ↳ app/helpers/posts_helper.rb:3:in `post_image'
  [1m[36mActiveStorage::Attachment Load (0.6ms)[0m  [1m[34mSELECT "active_storage_attachments".* FROM "active_storage_attachments" WHERE "active_storage_attachments"."record_id" = ? AND "active_storage_attachments"."record_type" = ? AND "active_storage_attachments"."name" = ? LIMIT ?[0m  [["record_id", 28], ["record_type", "Post"], ["name", "image"], ["LIMIT", 1]]
  ↳ app/helpers/posts_helper.rb:3:in `post_image'
  Rendered posts/index.html.erb within layouts/application (Duration: 108.6ms | Allocations: 13443)
[Webpacker] Everything's up-to-date. Nothing to do
  Rendered layouts/_header.html.erb (Duration: 0.7ms | Allocations: 154)
Completed 200 OK in 210ms (Views: 195.0ms | ActiveRecord: 8.3ms | Allocations: 20236)


Started DELETE "/posts/21" for ::1 at 2020-01-04 15:18:21 +0400
Processing by PostsController#destroy as HTML
  Parameters: {"authenticity_token"=>"3c9qDO3E91m8yxyDx83rGD8Z+uU7Plru6NaSQvJ7FS3qvTZ2ssLyfdCnQpt2jxki+dr9Q8iXLKGFWr8o7uw2Tw==", "id"=>"21"}
  [1m[36mUser Load (0.4ms)[0m  [1m[34mSELECT "users".* FROM "users" WHERE "users"."id" = ? ORDER BY "users"."id" ASC LIMIT ?[0m  [["id", 3], ["LIMIT", 1]]
  [1m[36mPost Load (0.4ms)[0m  [1m[34mSELECT "posts".* FROM "posts" WHERE "posts"."id" = ? LIMIT ?[0m  [["id", 21], ["LIMIT", 1]]
  ↳ app/controllers/posts_controller.rb:72:in `set_post'
  [1m[35m (0.1ms)[0m  [1m[36mbegin transaction[0m
  ↳ app/controllers/posts_controller.rb:62:in `destroy'
  [1m[36mActiveStorage::Attachment Load (0.3ms)[0m  [1m[34mSELECT "active_storage_attachments".* FROM "active_storage_attachments" WHERE "active_storage_attachments"."record_id" = ? AND "active_storage_attachments"."record_type" = ? AND "active_storage_attachments"."name" = ? LIMIT ?[0m  [["record_id", 21], ["record_type", "Post"], ["name", "image"], ["LIMIT", 1]]
  ↳ app/controllers/posts_controller.rb:62:in `destroy'
  [1m[36mPost Destroy (2.4ms)[0m  [1m[31mDELETE FROM "posts" WHERE "posts"."id" = ?[0m  [["id", 21]]
  ↳ app/controllers/posts_controller.rb:62:in `destroy'
  [1m[35m (16.9ms)[0m  [1m[36mcommit transaction[0m
  ↳ app/controllers/posts_controller.rb:62:in `destroy'
Redirected to http://localhost:3000/posts
Completed 302 Found in 53ms (ActiveRecord: 20.6ms | Allocations: 5607)


Started GET "/posts" for ::1 at 2020-01-04 15:18:22 +0400
Processing by PostsController#index as HTML
  [1m[36mUser Load (0.9ms)[0m  [1m[34mSELECT "users".* FROM "users" WHERE "users"."id" = ? ORDER BY "users"."id" ASC LIMIT ?[0m  [["id", 3], ["LIMIT", 1]]
  Rendering posts/index.html.erb within layouts/application
  [1m[36mPost Load (0.6ms)[0m  [1m[34mSELECT "posts".* FROM "posts"[0m
  ↳ app/views/posts/index.html.erb:12
  [1m[36mActiveStorage::Attachment Load (0.4ms)[0m  [1m[34mSELECT "active_storage_attachments".* FROM "active_storage_attachments" WHERE "active_storage_attachments"."record_id" = ? AND "active_storage_attachments"."record_type" = ? AND "active_storage_attachments"."name" = ? LIMIT ?[0m  [["record_id", 22], ["record_type", "Post"], ["name", "image"], ["LIMIT", 1]]
  ↳ app/helpers/posts_helper.rb:3:in `post_image'
  [1m[36mActiveStorage::Attachment Load (0.4ms)[0m  [1m[34mSELECT "active_storage_attachments".* FROM "active_storage_attachments" WHERE "active_storage_attachments"."record_id" = ? AND "active_storage_attachments"."record_type" = ? AND "active_storage_attachments"."name" = ? LIMIT ?[0m  [["record_id", 23], ["record_type", "Post"], ["name", "image"], ["LIMIT", 1]]
  ↳ app/helpers/posts_helper.rb:3:in `post_image'
  [1m[36mActiveStorage::Attachment Load (0.3ms)[0m  [1m[34mSELECT "active_storage_attachments".* FROM "active_storage_attachments" WHERE "active_storage_attachments"."record_id" = ? AND "active_storage_attachments"."record_type" = ? AND "active_storage_attachments"."name" = ? LIMIT ?[0m  [["record_id", 24], ["record_type", "Post"], ["name", "image"], ["LIMIT", 1]]
  ↳ app/helpers/posts_helper.rb:3:in `post_image'
  [1m[36mActiveStorage::Attachment Load (0.4ms)[0m  [1m[34mSELECT "active_storage_attachments".* FROM "active_storage_attachments" WHERE "active_storage_attachments"."record_id" = ? AND "active_storage_attachments"."record_type" = ? AND "active_storage_attachments"."name" = ? LIMIT ?[0m  [["record_id", 25], ["record_type", "Post"], ["name", "image"], ["LIMIT", 1]]
  ↳ app/helpers/posts_helper.rb:3:in `post_image'
  [1m[36mActiveStorage::Attachment Load (0.4ms)[0m  [1m[34mSELECT "active_storage_attachments".* FROM "active_storage_attachments" WHERE "active_storage_attachments"."record_id" = ? AND "active_storage_attachments"."record_type" = ? AND "active_storage_attachments"."name" = ? LIMIT ?[0m  [["record_id", 26], ["record_type", "Post"], ["name", "image"], ["LIMIT", 1]]
  ↳ app/helpers/posts_helper.rb:3:in `post_image'
  [1m[36mActiveStorage::Attachment Load (0.3ms)[0m  [1m[34mSELECT "active_storage_attachments".* FROM "active_storage_attachments" WHERE "active_storage_attachments"."record_id" = ? AND "active_storage_attachments"."record_type" = ? AND "active_storage_attachments"."name" = ? LIMIT ?[0m  [["record_id", 27], ["record_type", "Post"], ["name", "image"], ["LIMIT", 1]]
  ↳ app/helpers/posts_helper.rb:3:in `post_image'
  [1m[36mActiveStorage::Attachment Load (0.3ms)[0m  [1m[34mSELECT "active_storage_attachments".* FROM "active_storage_attachments" WHERE "active_storage_attachments"."record_id" = ? AND "active_storage_attachments"."record_type" = ? AND "active_storage_attachments"."name" = ? LIMIT ?[0m  [["record_id", 28], ["record_type", "Post"], ["name", "image"], ["LIMIT", 1]]
  ↳ app/helpers/posts_helper.rb:3:in `post_image'
  Rendered posts/index.html.erb within layouts/application (Duration: 63.9ms | Allocations: 11173)
[Webpacker] Everything's up-to-date. Nothing to do
  Rendered layouts/_header.html.erb (Duration: 0.3ms | Allocations: 154)
Completed 200 OK in 141ms (Views: 130.1ms | ActiveRecord: 4.0ms | Allocations: 18840)


Started DELETE "/posts/22" for ::1 at 2020-01-04 15:18:24 +0400
Processing by PostsController#destroy as HTML
  Parameters: {"authenticity_token"=>"gFphSHJBA8owwqIkKq7fYBswD2E0B2tU3FrTI2KiVtS3KD0yLUcG7lyu/Dyb7C1a3fMIx8euHRux1v5JfjV1tg==", "id"=>"22"}
  [1m[36mUser Load (1.7ms)[0m  [1m[34mSELECT "users".* FROM "users" WHERE "users"."id" = ? ORDER BY "users"."id" ASC LIMIT ?[0m  [["id", 3], ["LIMIT", 1]]
  [1m[36mPost Load (0.6ms)[0m  [1m[34mSELECT "posts".* FROM "posts" WHERE "posts"."id" = ? LIMIT ?[0m  [["id", 22], ["LIMIT", 1]]
  ↳ app/controllers/posts_controller.rb:72:in `set_post'
  [1m[35m (0.1ms)[0m  [1m[36mbegin transaction[0m
  ↳ app/controllers/posts_controller.rb:62:in `destroy'
  [1m[36mActiveStorage::Attachment Load (0.5ms)[0m  [1m[34mSELECT "active_storage_attachments".* FROM "active_storage_attachments" WHERE "active_storage_attachments"."record_id" = ? AND "active_storage_attachments"."record_type" = ? AND "active_storage_attachments"."name" = ? LIMIT ?[0m  [["record_id", 22], ["record_type", "Post"], ["name", "image"], ["LIMIT", 1]]
  ↳ app/controllers/posts_controller.rb:62:in `destroy'
  [1m[36mPost Destroy (1.7ms)[0m  [1m[31mDELETE FROM "posts" WHERE "posts"."id" = ?[0m  [["id", 22]]
  ↳ app/controllers/posts_controller.rb:62:in `destroy'
  [1m[35m (21.2ms)[0m  [1m[36mcommit transaction[0m
  ↳ app/controllers/posts_controller.rb:62:in `destroy'
Redirected to http://localhost:3000/posts
Completed 302 Found in 62ms (ActiveRecord: 25.9ms | Allocations: 5558)


Started GET "/posts" for ::1 at 2020-01-04 15:18:25 +0400
Processing by PostsController#index as HTML
  [1m[36mUser Load (0.4ms)[0m  [1m[34mSELECT "users".* FROM "users" WHERE "users"."id" = ? ORDER BY "users"."id" ASC LIMIT ?[0m  [["id", 3], ["LIMIT", 1]]
  Rendering posts/index.html.erb within layouts/application
  [1m[36mPost Load (0.5ms)[0m  [1m[34mSELECT "posts".* FROM "posts"[0m
  ↳ app/views/posts/index.html.erb:12
  [1m[36mActiveStorage::Attachment Load (0.3ms)[0m  [1m[34mSELECT "active_storage_attachments".* FROM "active_storage_attachments" WHERE "active_storage_attachments"."record_id" = ? AND "active_storage_attachments"."record_type" = ? AND "active_storage_attachments"."name" = ? LIMIT ?[0m  [["record_id", 23], ["record_type", "Post"], ["name", "image"], ["LIMIT", 1]]
  ↳ app/helpers/posts_helper.rb:3:in `post_image'
  [1m[36mActiveStorage::Attachment Load (0.4ms)[0m  [1m[34mSELECT "active_storage_attachments".* FROM "active_storage_attachments" WHERE "active_storage_attachments"."record_id" = ? AND "active_storage_attachments"."record_type" = ? AND "active_storage_attachments"."name" = ? LIMIT ?[0m  [["record_id", 24], ["record_type", "Post"], ["name", "image"], ["LIMIT", 1]]
  ↳ app/helpers/posts_helper.rb:3:in `post_image'
  [1m[36mActiveStorage::Attachment Load (0.3ms)[0m  [1m[34mSELECT "active_storage_attachments".* FROM "active_storage_attachments" WHERE "active_storage_attachments"."record_id" = ? AND "active_storage_attachments"."record_type" = ? AND "active_storage_attachments"."name" = ? LIMIT ?[0m  [["record_id", 25], ["record_type", "Post"], ["name", "image"], ["LIMIT", 1]]
  ↳ app/helpers/posts_helper.rb:3:in `post_image'
  [1m[36mActiveStorage::Attachment Load (0.4ms)[0m  [1m[34mSELECT "active_storage_attachments".* FROM "active_storage_attachments" WHERE "active_storage_attachments"."record_id" = ? AND "active_storage_attachments"."record_type" = ? AND "active_storage_attachments"."name" = ? LIMIT ?[0m  [["record_id", 26], ["record_type", "Post"], ["name", "image"], ["LIMIT", 1]]
  ↳ app/helpers/posts_helper.rb:3:in `post_image'
  [1m[36mActiveStorage::Attachment Load (0.3ms)[0m  [1m[34mSELECT "active_storage_attachments".* FROM "active_storage_attachments" WHERE "active_storage_attachments"."record_id" = ? AND "active_storage_attachments"."record_type" = ? AND "active_storage_attachments"."name" = ? LIMIT ?[0m  [["record_id", 27], ["record_type", "Post"], ["name", "image"], ["LIMIT", 1]]
  ↳ app/helpers/posts_helper.rb:3:in `post_image'
  [1m[36mActiveStorage::Attachment Load (0.4ms)[0m  [1m[34mSELECT "active_storage_attachments".* FROM "active_storage_attachments" WHERE "active_storage_attachments"."record_id" = ? AND "active_storage_attachments"."record_type" = ? AND "active_storage_attachments"."name" = ? LIMIT ?[0m  [["record_id", 28], ["record_type", "Post"], ["name", "image"], ["LIMIT", 1]]
  ↳ app/helpers/posts_helper.rb:3:in `post_image'
  Rendered posts/index.html.erb within layouts/application (Duration: 54.4ms | Allocations: 9750)
[Webpacker] Everything's up-to-date. Nothing to do
  Rendered layouts/_header.html.erb (Duration: 0.3ms | Allocations: 154)
Completed 200 OK in 137ms (Views: 126.6ms | ActiveRecord: 3.0ms | Allocations: 17403)


Started DELETE "/posts/23" for ::1 at 2020-01-04 15:18:27 +0400
Processing by PostsController#destroy as HTML
  Parameters: {"authenticity_token"=>"UY9vPrNN9PdLPbAnwsxfvaLc/NWZr9i2Sc7WUksBprRm/TNE7Evx0ydR7j9zjq2HZB/7c2oGrvkkQvs4V5aF1g==", "id"=>"23"}
  [1m[36mUser Load (0.6ms)[0m  [1m[34mSELECT "users".* FROM "users" WHERE "users"."id" = ? ORDER BY "users"."id" ASC LIMIT ?[0m  [["id", 3], ["LIMIT", 1]]
  [1m[36mPost Load (0.8ms)[0m  [1m[34mSELECT "posts".* FROM "posts" WHERE "posts"."id" = ? LIMIT ?[0m  [["id", 23], ["LIMIT", 1]]
  ↳ app/controllers/posts_controller.rb:72:in `set_post'
  [1m[35m (0.1ms)[0m  [1m[36mbegin transaction[0m
  ↳ app/controllers/posts_controller.rb:62:in `destroy'
  [1m[36mActiveStorage::Attachment Load (0.3ms)[0m  [1m[34mSELECT "active_storage_attachments".* FROM "active_storage_attachments" WHERE "active_storage_attachments"."record_id" = ? AND "active_storage_attachments"."record_type" = ? AND "active_storage_attachments"."name" = ? LIMIT ?[0m  [["record_id", 23], ["record_type", "Post"], ["name", "image"], ["LIMIT", 1]]
  ↳ app/controllers/posts_controller.rb:62:in `destroy'
  [1m[36mPost Destroy (3.5ms)[0m  [1m[31mDELETE FROM "posts" WHERE "posts"."id" = ?[0m  [["id", 23]]
  ↳ app/controllers/posts_controller.rb:62:in `destroy'
  [1m[35m (19.8ms)[0m  [1m[36mcommit transaction[0m
  ↳ app/controllers/posts_controller.rb:62:in `destroy'
Redirected to http://localhost:3000/posts
Completed 302 Found in 64ms (ActiveRecord: 25.2ms | Allocations: 5562)


Started GET "/posts" for ::1 at 2020-01-04 15:18:27 +0400
Processing by PostsController#index as HTML
  [1m[36mUser Load (0.4ms)[0m  [1m[34mSELECT "users".* FROM "users" WHERE "users"."id" = ? ORDER BY "users"."id" ASC LIMIT ?[0m  [["id", 3], ["LIMIT", 1]]
  Rendering posts/index.html.erb within layouts/application
  [1m[36mPost Load (0.5ms)[0m  [1m[34mSELECT "posts".* FROM "posts"[0m
  ↳ app/views/posts/index.html.erb:12
  [1m[36mActiveStorage::Attachment Load (0.4ms)[0m  [1m[34mSELECT "active_storage_attachments".* FROM "active_storage_attachments" WHERE "active_storage_attachments"."record_id" = ? AND "active_storage_attachments"."record_type" = ? AND "active_storage_attachments"."name" = ? LIMIT ?[0m  [["record_id", 24], ["record_type", "Post"], ["name", "image"], ["LIMIT", 1]]
  ↳ app/helpers/posts_helper.rb:3:in `post_image'
  [1m[36mActiveStorage::Attachment Load (0.4ms)[0m  [1m[34mSELECT "active_storage_attachments".* FROM "active_storage_attachments" WHERE "active_storage_attachments"."record_id" = ? AND "active_storage_attachments"."record_type" = ? AND "active_storage_attachments"."name" = ? LIMIT ?[0m  [["record_id", 25], ["record_type", "Post"], ["name", "image"], ["LIMIT", 1]]
  ↳ app/helpers/posts_helper.rb:3:in `post_image'
  [1m[36mActiveStorage::Attachment Load (0.4ms)[0m  [1m[34mSELECT "active_storage_attachments".* FROM "active_storage_attachments" WHERE "active_storage_attachments"."record_id" = ? AND "active_storage_attachments"."record_type" = ? AND "active_storage_attachments"."name" = ? LIMIT ?[0m  [["record_id", 26], ["record_type", "Post"], ["name", "image"], ["LIMIT", 1]]
  ↳ app/helpers/posts_helper.rb:3:in `post_image'
  [1m[36mActiveStorage::Attachment Load (0.4ms)[0m  [1m[34mSELECT "active_storage_attachments".* FROM "active_storage_attachments" WHERE "active_storage_attachments"."record_id" = ? AND "active_storage_attachments"."record_type" = ? AND "active_storage_attachments"."name" = ? LIMIT ?[0m  [["record_id", 27], ["record_type", "Post"], ["name", "image"], ["LIMIT", 1]]
  ↳ app/helpers/posts_helper.rb:3:in `post_image'
  [1m[36mActiveStorage::Attachment Load (0.4ms)[0m  [1m[34mSELECT "active_storage_attachments".* FROM "active_storage_attachments" WHERE "active_storage_attachments"."record_id" = ? AND "active_storage_attachments"."record_type" = ? AND "active_storage_attachments"."name" = ? LIMIT ?[0m  [["record_id", 28], ["record_type", "Post"], ["name", "image"], ["LIMIT", 1]]
  ↳ app/helpers/posts_helper.rb:3:in `post_image'
  Rendered posts/index.html.erb within layouts/application (Duration: 54.0ms | Allocations: 8327)
[Webpacker] Everything's up-to-date. Nothing to do
  Rendered layouts/_header.html.erb (Duration: 0.3ms | Allocations: 154)
Completed 200 OK in 148ms (Views: 139.6ms | ActiveRecord: 2.8ms | Allocations: 15132)


Started DELETE "/posts/24" for ::1 at 2020-01-04 15:18:30 +0400
Processing by PostsController#destroy as HTML
  Parameters: {"authenticity_token"=>"ukKEnj211TIyhGlz3Jf+Gi4TZOZQB/V9HUjfe6pY3fSNMNjkYrPQFl7oN2tt1Qwg6NBjQKOugzJwxPIRts/+lg==", "id"=>"24"}
  [1m[36mUser Load (0.4ms)[0m  [1m[34mSELECT "users".* FROM "users" WHERE "users"."id" = ? ORDER BY "users"."id" ASC LIMIT ?[0m  [["id", 3], ["LIMIT", 1]]
  [1m[36mPost Load (0.4ms)[0m  [1m[34mSELECT "posts".* FROM "posts" WHERE "posts"."id" = ? LIMIT ?[0m  [["id", 24], ["LIMIT", 1]]
  ↳ app/controllers/posts_controller.rb:72:in `set_post'
  [1m[35m (0.1ms)[0m  [1m[36mbegin transaction[0m
  ↳ app/controllers/posts_controller.rb:62:in `destroy'
  [1m[36mActiveStorage::Attachment Load (0.3ms)[0m  [1m[34mSELECT "active_storage_attachments".* FROM "active_storage_attachments" WHERE "active_storage_attachments"."record_id" = ? AND "active_storage_attachments"."record_type" = ? AND "active_storage_attachments"."name" = ? LIMIT ?[0m  [["record_id", 24], ["record_type", "Post"], ["name", "image"], ["LIMIT", 1]]
  ↳ app/controllers/posts_controller.rb:62:in `destroy'
  [1m[36mPost Destroy (1.9ms)[0m  [1m[31mDELETE FROM "posts" WHERE "posts"."id" = ?[0m  [["id", 24]]
  ↳ app/controllers/posts_controller.rb:62:in `destroy'
  [1m[35m (18.0ms)[0m  [1m[36mcommit transaction[0m
  ↳ app/controllers/posts_controller.rb:62:in `destroy'
Redirected to http://localhost:3000/posts
Completed 302 Found in 56ms (ActiveRecord: 21.1ms | Allocations: 5577)


Started GET "/posts" for ::1 at 2020-01-04 15:18:30 +0400
Processing by PostsController#index as HTML
  [1m[36mUser Load (0.3ms)[0m  [1m[34mSELECT "users".* FROM "users" WHERE "users"."id" = ? ORDER BY "users"."id" ASC LIMIT ?[0m  [["id", 3], ["LIMIT", 1]]
  Rendering posts/index.html.erb within layouts/application
  [1m[36mPost Load (0.4ms)[0m  [1m[34mSELECT "posts".* FROM "posts"[0m
  ↳ app/views/posts/index.html.erb:12
  [1m[36mActiveStorage::Attachment Load (0.5ms)[0m  [1m[34mSELECT "active_storage_attachments".* FROM "active_storage_attachments" WHERE "active_storage_attachments"."record_id" = ? AND "active_storage_attachments"."record_type" = ? AND "active_storage_attachments"."name" = ? LIMIT ?[0m  [["record_id", 25], ["record_type", "Post"], ["name", "image"], ["LIMIT", 1]]
  ↳ app/helpers/posts_helper.rb:3:in `post_image'
  [1m[36mActiveStorage::Attachment Load (0.4ms)[0m  [1m[34mSELECT "active_storage_attachments".* FROM "active_storage_attachments" WHERE "active_storage_attachments"."record_id" = ? AND "active_storage_attachments"."record_type" = ? AND "active_storage_attachments"."name" = ? LIMIT ?[0m  [["record_id", 26], ["record_type", "Post"], ["name", "image"], ["LIMIT", 1]]
  ↳ app/helpers/posts_helper.rb:3:in `post_image'
  [1m[36mActiveStorage::Attachment Load (0.4ms)[0m  [1m[34mSELECT "active_storage_attachments".* FROM "active_storage_attachments" WHERE "active_storage_attachments"."record_id" = ? AND "active_storage_attachments"."record_type" = ? AND "active_storage_attachments"."name" = ? LIMIT ?[0m  [["record_id", 27], ["record_type", "Post"], ["name", "image"], ["LIMIT", 1]]
  ↳ app/helpers/posts_helper.rb:3:in `post_image'
  [1m[36mActiveStorage::Attachment Load (0.4ms)[0m  [1m[34mSELECT "active_storage_attachments".* FROM "active_storage_attachments" WHERE "active_storage_attachments"."record_id" = ? AND "active_storage_attachments"."record_type" = ? AND "active_storage_attachments"."name" = ? LIMIT ?[0m  [["record_id", 28], ["record_type", "Post"], ["name", "image"], ["LIMIT", 1]]
  ↳ app/helpers/posts_helper.rb:3:in `post_image'
  Rendered posts/index.html.erb within layouts/application (Duration: 41.3ms | Allocations: 6907)
[Webpacker] Everything's up-to-date. Nothing to do
  Rendered layouts/_header.html.erb (Duration: 0.3ms | Allocations: 154)
Completed 200 OK in 134ms (Views: 125.4ms | ActiveRecord: 2.4ms | Allocations: 22297)


Started DELETE "/posts/25" for ::1 at 2020-01-04 15:18:32 +0400
Processing by PostsController#destroy as HTML
  Parameters: {"authenticity_token"=>"YrAJdK0bvTbElGrXEGqJDH2fQUoikZ1Kelti3BIjczNVwlUO8h24Eqj4NM+hKHs2u1xG7NE46wUX10+2DrRQUQ==", "id"=>"25"}
  [1m[36mUser Load (0.5ms)[0m  [1m[34mSELECT "users".* FROM "users" WHERE "users"."id" = ? ORDER BY "users"."id" ASC LIMIT ?[0m  [["id", 3], ["LIMIT", 1]]
  [1m[36mPost Load (0.3ms)[0m  [1m[34mSELECT "posts".* FROM "posts" WHERE "posts"."id" = ? LIMIT ?[0m  [["id", 25], ["LIMIT", 1]]
  ↳ app/controllers/posts_controller.rb:72:in `set_post'
  [1m[35m (0.2ms)[0m  [1m[36mbegin transaction[0m
  ↳ app/controllers/posts_controller.rb:62:in `destroy'
  [1m[36mActiveStorage::Attachment Load (0.3ms)[0m  [1m[34mSELECT "active_storage_attachments".* FROM "active_storage_attachments" WHERE "active_storage_attachments"."record_id" = ? AND "active_storage_attachments"."record_type" = ? AND "active_storage_attachments"."name" = ? LIMIT ?[0m  [["record_id", 25], ["record_type", "Post"], ["name", "image"], ["LIMIT", 1]]
  ↳ app/controllers/posts_controller.rb:62:in `destroy'
  [1m[36mPost Destroy (1.3ms)[0m  [1m[31mDELETE FROM "posts" WHERE "posts"."id" = ?[0m  [["id", 25]]
  ↳ app/controllers/posts_controller.rb:62:in `destroy'
  [1m[35m (16.1ms)[0m  [1m[36mcommit transaction[0m
  ↳ app/controllers/posts_controller.rb:62:in `destroy'
Redirected to http://localhost:3000/posts
Completed 302 Found in 56ms (ActiveRecord: 18.7ms | Allocations: 8179)


Started GET "/posts" for ::1 at 2020-01-04 15:18:32 +0400
Processing by PostsController#index as HTML
  [1m[36mUser Load (0.4ms)[0m  [1m[34mSELECT "users".* FROM "users" WHERE "users"."id" = ? ORDER BY "users"."id" ASC LIMIT ?[0m  [["id", 3], ["LIMIT", 1]]
  Rendering posts/index.html.erb within layouts/application
  [1m[36mPost Load (0.3ms)[0m  [1m[34mSELECT "posts".* FROM "posts"[0m
  ↳ app/views/posts/index.html.erb:12
  [1m[36mActiveStorage::Attachment Load (0.5ms)[0m  [1m[34mSELECT "active_storage_attachments".* FROM "active_storage_attachments" WHERE "active_storage_attachments"."record_id" = ? AND "active_storage_attachments"."record_type" = ? AND "active_storage_attachments"."name" = ? LIMIT ?[0m  [["record_id", 26], ["record_type", "Post"], ["name", "image"], ["LIMIT", 1]]
  ↳ app/helpers/posts_helper.rb:3:in `post_image'
  [1m[36mActiveStorage::Attachment Load (0.4ms)[0m  [1m[34mSELECT "active_storage_attachments".* FROM "active_storage_attachments" WHERE "active_storage_attachments"."record_id" = ? AND "active_storage_attachments"."record_type" = ? AND "active_storage_attachments"."name" = ? LIMIT ?[0m  [["record_id", 27], ["record_type", "Post"], ["name", "image"], ["LIMIT", 1]]
  ↳ app/helpers/posts_helper.rb:3:in `post_image'
  [1m[36mActiveStorage::Attachment Load (0.5ms)[0m  [1m[34mSELECT "active_storage_attachments".* FROM "active_storage_attachments" WHERE "active_storage_attachments"."record_id" = ? AND "active_storage_attachments"."record_type" = ? AND "active_storage_attachments"."name" = ? LIMIT ?[0m  [["record_id", 28], ["record_type", "Post"], ["name", "image"], ["LIMIT", 1]]
  ↳ app/helpers/posts_helper.rb:3:in `post_image'
  Rendered posts/index.html.erb within layouts/application (Duration: 37.6ms | Allocations: 10868)
[Webpacker] Everything's up-to-date. Nothing to do
  Rendered layouts/_header.html.erb (Duration: 0.3ms | Allocations: 154)
Completed 200 OK in 118ms (Views: 110.8ms | ActiveRecord: 2.1ms | Allocations: 20742)


Started DELETE "/posts/26" for ::1 at 2020-01-04 15:18:43 +0400
Processing by PostsController#destroy as HTML
  Parameters: {"authenticity_token"=>"O0IApqgz4+OQkXJtJEnzRB7gu0SkhreuuxFl45WMyRkMMFzc9zXmx/z9LHWVCwF+2CO84lcvweHWnUiJiRvqew==", "id"=>"26"}
  [1m[36mUser Load (0.5ms)[0m  [1m[34mSELECT "users".* FROM "users" WHERE "users"."id" = ? ORDER BY "users"."id" ASC LIMIT ?[0m  [["id", 3], ["LIMIT", 1]]
  [1m[36mPost Load (2.5ms)[0m  [1m[34mSELECT "posts".* FROM "posts" WHERE "posts"."id" = ? LIMIT ?[0m  [["id", 26], ["LIMIT", 1]]
  ↳ app/controllers/posts_controller.rb:72:in `set_post'
  [1m[35m (0.1ms)[0m  [1m[36mbegin transaction[0m
  ↳ app/controllers/posts_controller.rb:62:in `destroy'
  [1m[36mActiveStorage::Attachment Load (0.4ms)[0m  [1m[34mSELECT "active_storage_attachments".* FROM "active_storage_attachments" WHERE "active_storage_attachments"."record_id" = ? AND "active_storage_attachments"."record_type" = ? AND "active_storage_attachments"."name" = ? LIMIT ?[0m  [["record_id", 26], ["record_type", "Post"], ["name", "image"], ["LIMIT", 1]]
  ↳ app/controllers/posts_controller.rb:62:in `destroy'
  [1m[36mPost Destroy (2.4ms)[0m  [1m[31mDELETE FROM "posts" WHERE "posts"."id" = ?[0m  [["id", 26]]
  ↳ app/controllers/posts_controller.rb:62:in `destroy'
  [1m[35m (20.7ms)[0m  [1m[36mcommit transaction[0m
  ↳ app/controllers/posts_controller.rb:62:in `destroy'
Redirected to http://localhost:3000/posts
Completed 302 Found in 71ms (ActiveRecord: 26.5ms | Allocations: 5560)


Started GET "/posts" for ::1 at 2020-01-04 15:18:43 +0400
Processing by PostsController#index as HTML
  [1m[36mUser Load (0.4ms)[0m  [1m[34mSELECT "users".* FROM "users" WHERE "users"."id" = ? ORDER BY "users"."id" ASC LIMIT ?[0m  [["id", 3], ["LIMIT", 1]]
  Rendering posts/index.html.erb within layouts/application
  [1m[36mPost Load (1.0ms)[0m  [1m[34mSELECT "posts".* FROM "posts"[0m
  ↳ app/views/posts/index.html.erb:12
  [1m[36mActiveStorage::Attachment Load (0.4ms)[0m  [1m[34mSELECT "active_storage_attachments".* FROM "active_storage_attachments" WHERE "active_storage_attachments"."record_id" = ? AND "active_storage_attachments"."record_type" = ? AND "active_storage_attachments"."name" = ? LIMIT ?[0m  [["record_id", 27], ["record_type", "Post"], ["name", "image"], ["LIMIT", 1]]
  ↳ app/helpers/posts_helper.rb:3:in `post_image'
  [1m[36mActiveStorage::Attachment Load (0.5ms)[0m  [1m[34mSELECT "active_storage_attachments".* FROM "active_storage_attachments" WHERE "active_storage_attachments"."record_id" = ? AND "active_storage_attachments"."record_type" = ? AND "active_storage_attachments"."name" = ? LIMIT ?[0m  [["record_id", 28], ["record_type", "Post"], ["name", "image"], ["LIMIT", 1]]
  ↳ app/helpers/posts_helper.rb:3:in `post_image'
  Rendered posts/index.html.erb within layouts/application (Duration: 27.7ms | Allocations: 4060)
[Webpacker] Everything's up-to-date. Nothing to do
  Rendered layouts/_header.html.erb (Duration: 1.0ms | Allocations: 154)
Completed 200 OK in 110ms (Views: 103.6ms | ActiveRecord: 2.2ms | Allocations: 10879)


Started DELETE "/posts/28" for ::1 at 2020-01-04 15:19:38 +0400
  [1m[35m (0.1ms)[0m  [1m[34mSELECT sqlite_version(*)[0m
Processing by PostsController#destroy as HTML
  Parameters: {"authenticity_token"=>"fhFSj9A0gj8rRbGpkNdpdaGsjboEFM5sJyptlpT99RBJYw71jzKHG0cp77EhlZtPZ2+KHPe9uCNKpkD8iGrWcg==", "id"=>"28"}
  [1m[36mUser Load (0.5ms)[0m  [1m[34mSELECT "users".* FROM "users" WHERE "users"."id" = ? ORDER BY "users"."id" ASC LIMIT ?[0m  [["id", 3], ["LIMIT", 1]]
  [1m[36mPost Load (0.5ms)[0m  [1m[34mSELECT "posts".* FROM "posts" WHERE "posts"."id" = ? LIMIT ?[0m  [["id", 28], ["LIMIT", 1]]
  ↳ app/controllers/posts_controller.rb:72:in `set_post'
  [1m[35m (0.1ms)[0m  [1m[36mbegin transaction[0m
  ↳ app/controllers/posts_controller.rb:62:in `destroy'
  [1m[36mActiveStorage::Attachment Load (0.3ms)[0m  [1m[34mSELECT "active_storage_attachments".* FROM "active_storage_attachments" WHERE "active_storage_attachments"."record_id" = ? AND "active_storage_attachments"."record_type" = ? AND "active_storage_attachments"."name" = ? LIMIT ?[0m  [["record_id", 28], ["record_type", "Post"], ["name", "image"], ["LIMIT", 1]]
  ↳ app/controllers/posts_controller.rb:62:in `destroy'
  [1m[36mPost Destroy (1.7ms)[0m  [1m[31mDELETE FROM "posts" WHERE "posts"."id" = ?[0m  [["id", 28]]
  ↳ app/controllers/posts_controller.rb:62:in `destroy'
  [1m[35m (14.2ms)[0m  [1m[36mcommit transaction[0m
  ↳ app/controllers/posts_controller.rb:62:in `destroy'
Redirected to http://localhost:3000/posts
Completed 302 Found in 110ms (ActiveRecord: 21.4ms | Allocations: 20246)


Started GET "/posts" for ::1 at 2020-01-04 15:19:39 +0400
Processing by PostsController#index as HTML
  [1m[36mUser Load (0.4ms)[0m  [1m[34mSELECT "users".* FROM "users" WHERE "users"."id" = ? ORDER BY "users"."id" ASC LIMIT ?[0m  [["id", 3], ["LIMIT", 1]]
  Rendering posts/index.html.erb within layouts/application
  [1m[36mPost Load (0.5ms)[0m  [1m[34mSELECT "posts".* FROM "posts"[0m
  ↳ app/views/posts/index.html.erb:12
  [1m[36mActiveStorage::Attachment Load (0.4ms)[0m  [1m[34mSELECT "active_storage_attachments".* FROM "active_storage_attachments" WHERE "active_storage_attachments"."record_id" = ? AND "active_storage_attachments"."record_type" = ? AND "active_storage_attachments"."name" = ? LIMIT ?[0m  [["record_id", 27], ["record_type", "Post"], ["name", "image"], ["LIMIT", 1]]
  ↳ app/helpers/posts_helper.rb:3:in `post_image'
  Rendered posts/index.html.erb within layouts/application (Duration: 51.7ms | Allocations: 3039)
[Webpacker] Everything's up-to-date. Nothing to do
  Rendered layouts/_header.html.erb (Duration: 1.4ms | Allocations: 465)
Completed 200 OK in 157ms (Views: 146.3ms | ActiveRecord: 1.2ms | Allocations: 12353)


Started DELETE "/posts/27" for ::1 at 2020-01-04 15:19:42 +0400
Processing by PostsController#destroy as HTML
  Parameters: {"authenticity_token"=>"WLN97m7ktw1Eyx4F0cs3/6+ah4WHdF5ve1eguH9py31vwSGUMeKyKSinQB1gicXFaVmAI3TdKCAW243SY/7oHw==", "id"=>"27"}
  [1m[36mUser Load (0.4ms)[0m  [1m[34mSELECT "users".* FROM "users" WHERE "users"."id" = ? ORDER BY "users"."id" ASC LIMIT ?[0m  [["id", 3], ["LIMIT", 1]]
  [1m[36mPost Load (0.4ms)[0m  [1m[34mSELECT "posts".* FROM "posts" WHERE "posts"."id" = ? LIMIT ?[0m  [["id", 27], ["LIMIT", 1]]
  ↳ app/controllers/posts_controller.rb:72:in `set_post'
  [1m[35m (0.1ms)[0m  [1m[36mbegin transaction[0m
  ↳ app/controllers/posts_controller.rb:62:in `destroy'
  [1m[36mActiveStorage::Attachment Load (0.3ms)[0m  [1m[34mSELECT "active_storage_attachments".* FROM "active_storage_attachments" WHERE "active_storage_attachments"."record_id" = ? AND "active_storage_attachments"."record_type" = ? AND "active_storage_attachments"."name" = ? LIMIT ?[0m  [["record_id", 27], ["record_type", "Post"], ["name", "image"], ["LIMIT", 1]]
  ↳ app/controllers/posts_controller.rb:62:in `destroy'
  [1m[36mPost Destroy (5.5ms)[0m  [1m[31mDELETE FROM "posts" WHERE "posts"."id" = ?[0m  [["id", 27]]
  ↳ app/controllers/posts_controller.rb:62:in `destroy'
  [1m[35m (17.2ms)[0m  [1m[36mcommit transaction[0m
  ↳ app/controllers/posts_controller.rb:62:in `destroy'
Redirected to http://localhost:3000/posts
Completed 302 Found in 80ms (ActiveRecord: 23.9ms | Allocations: 5571)


Started GET "/posts" for ::1 at 2020-01-04 15:19:42 +0400
Processing by PostsController#index as HTML
  [1m[36mUser Load (0.6ms)[0m  [1m[34mSELECT "users".* FROM "users" WHERE "users"."id" = ? ORDER BY "users"."id" ASC LIMIT ?[0m  [["id", 3], ["LIMIT", 1]]
  Rendering posts/index.html.erb within layouts/application
  [1m[36mPost Load (4.8ms)[0m  [1m[34mSELECT "posts".* FROM "posts"[0m
  ↳ app/views/posts/index.html.erb:12
  Rendered posts/index.html.erb within layouts/application (Duration: 9.6ms | Allocations: 659)
[Webpacker] Everything's up-to-date. Nothing to do
  Rendered layouts/_header.html.erb (Duration: 0.6ms | Allocations: 154)
Completed 200 OK in 164ms (Views: 148.6ms | ActiveRecord: 5.3ms | Allocations: 8401)


Started GET "/" for ::1 at 2020-01-04 15:19:44 +0400
Processing by PostsController#landing_page as HTML
  [1m[36mUser Load (0.7ms)[0m  [1m[34mSELECT "users".* FROM "users" WHERE "users"."id" = ? ORDER BY "users"."id" ASC LIMIT ?[0m  [["id", 3], ["LIMIT", 1]]
  Rendering posts/landing_page.html.erb within layouts/application
  [1m[36mPost Load (0.5ms)[0m  [1m[34mSELECT "posts".* FROM "posts"[0m
  ↳ app/views/posts/landing_page.html.erb:10
  Rendered posts/landing_page.html.erb within layouts/application (Duration: 6.2ms | Allocations: 859)
[Webpacker] Everything's up-to-date. Nothing to do
  Rendered layouts/_header.html.erb (Duration: 0.6ms | Allocations: 183)
Completed 200 OK in 143ms (Views: 116.0ms | ActiveRecord: 1.2ms | Allocations: 7919)


Started GET "/" for ::1 at 2020-01-04 15:31:46 +0400
  [1m[35m (0.3ms)[0m  [1m[34mSELECT sqlite_version(*)[0m
Processing by PostsController#landing_page as HTML
  [1m[36mUser Load (0.5ms)[0m  [1m[34mSELECT "users".* FROM "users" WHERE "users"."id" = ? ORDER BY "users"."id" ASC LIMIT ?[0m  [["id", 3], ["LIMIT", 1]]
  Rendering posts/landing_page.html.erb within layouts/application
  [1m[36mPost Load (0.4ms)[0m  [1m[34mSELECT "posts".* FROM "posts"[0m
  ↳ app/views/posts/landing_page.html.erb:10
  Rendered posts/landing_page.html.erb within layouts/application (Duration: 6.9ms | Allocations: 1007)
[Webpacker] Everything's up-to-date. Nothing to do
  Rendered layouts/_header.html.erb (Duration: 0.4ms | Allocations: 176)
Completed 200 OK in 105ms (Views: 99.0ms | ActiveRecord: 0.9ms | Allocations: 39892)


Started GET "/posts" for ::1 at 2020-01-04 15:31:50 +0400
Processing by PostsController#index as HTML
  [1m[36mUser Load (0.8ms)[0m  [1m[34mSELECT "users".* FROM "users" WHERE "users"."id" = ? ORDER BY "users"."id" ASC LIMIT ?[0m  [["id", 3], ["LIMIT", 1]]
  Rendering posts/index.html.erb within layouts/application
  [1m[36mPost Load (1.0ms)[0m  [1m[34mSELECT "posts".* FROM "posts"[0m
  ↳ app/views/posts/index.html.erb:12
  Rendered posts/index.html.erb within layouts/application (Duration: 12.2ms | Allocations: 656)
[Webpacker] Everything's up-to-date. Nothing to do
  Rendered layouts/_header.html.erb (Duration: 0.4ms | Allocations: 154)
Completed 200 OK in 112ms (Views: 97.6ms | ActiveRecord: 1.8ms | Allocations: 7521)


Started GET "/posts/new" for ::1 at 2020-01-04 15:31:51 +0400
Processing by PostsController#new as HTML
  [1m[36mUser Load (1.3ms)[0m  [1m[34mSELECT "users".* FROM "users" WHERE "users"."id" = ? ORDER BY "users"."id" ASC LIMIT ?[0m  [["id", 3], ["LIMIT", 1]]
  Rendering posts/new.html.erb within layouts/application
  Rendered posts/_form.html.erb (Duration: 2.9ms | Allocations: 951)
  Rendered posts/new.html.erb within layouts/application (Duration: 7.2ms | Allocations: 1333)
[Webpacker] Everything's up-to-date. Nothing to do
  Rendered layouts/_header.html.erb (Duration: 0.3ms | Allocations: 145)
Completed 200 OK in 92ms (Views: 77.6ms | ActiveRecord: 1.3ms | Allocations: 9281)


Started POST "/posts" for ::1 at 2020-01-04 15:32:07 +0400
Processing by PostsController#create as HTML
  Parameters: {"authenticity_token"=>"54PdrNreVHNqGr5ppSnee3VpqsQUP5N7Rz2jx+FaTK1qxox1EwhycYeBU/X1dj9Ff9ofrYa4kSTIlVKrsY3lOw==", "post"=>{"art_title"=>"Blue Pig", "posts_content"=>"Cascade, Yerevan"}, "commit"=>"Create Post"}
  [1m[36mUser Load (0.4ms)[0m  [1m[34mSELECT "users".* FROM "users" WHERE "users"."id" = ? ORDER BY "users"."id" ASC LIMIT ?[0m  [["id", 3], ["LIMIT", 1]]
  [1m[35m (0.1ms)[0m  [1m[36mbegin transaction[0m
  ↳ app/controllers/posts_controller.rb:35:in `block in create'
  [1m[36mPost Create (1.8ms)[0m  [1m[32mINSERT INTO "posts" ("posts_content", "art_title", "user_id", "created_at", "updated_at") VALUES (?, ?, ?, ?, ?)[0m  [["posts_content", "Cascade, Yerevan"], ["art_title", "Blue Pig"], ["user_id", 3], ["created_at", "2020-01-04 11:32:07.440125"], ["updated_at", "2020-01-04 11:32:07.440125"]]
  ↳ app/controllers/posts_controller.rb:35:in `block in create'
  [1m[35m (18.5ms)[0m  [1m[36mcommit transaction[0m
  ↳ app/controllers/posts_controller.rb:35:in `block in create'
Redirected to http://localhost:3000/posts/29
Completed 302 Found in 50ms (ActiveRecord: 20.8ms | Allocations: 4576)


Started GET "/posts/29" for ::1 at 2020-01-04 15:32:07 +0400
Processing by PostsController#show as HTML
  Parameters: {"id"=>"29"}
  [1m[36mUser Load (0.7ms)[0m  [1m[34mSELECT "users".* FROM "users" WHERE "users"."id" = ? ORDER BY "users"."id" ASC LIMIT ?[0m  [["id", 3], ["LIMIT", 1]]
  [1m[36mPost Load (0.5ms)[0m  [1m[34mSELECT "posts".* FROM "posts" WHERE "posts"."id" = ? LIMIT ?[0m  [["id", 29], ["LIMIT", 1]]
  ↳ app/controllers/posts_controller.rb:72:in `set_post'
  Rendering posts/show.html.erb within layouts/application
  Rendered posts/show.html.erb within layouts/application (Duration: 1.2ms | Allocations: 261)
[Webpacker] Everything's up-to-date. Nothing to do
  Rendered layouts/_header.html.erb (Duration: 0.4ms | Allocations: 157)
Completed 200 OK in 84ms (Views: 72.2ms | ActiveRecord: 1.2ms | Allocations: 7863)


Started GET "/posts" for ::1 at 2020-01-04 15:32:10 +0400
Processing by PostsController#index as HTML
  [1m[36mUser Load (0.4ms)[0m  [1m[34mSELECT "users".* FROM "users" WHERE "users"."id" = ? ORDER BY "users"."id" ASC LIMIT ?[0m  [["id", 3], ["LIMIT", 1]]
  Rendering posts/index.html.erb within layouts/application
  [1m[36mPost Load (1.7ms)[0m  [1m[34mSELECT "posts".* FROM "posts"[0m
  ↳ app/views/posts/index.html.erb:12
  [1m[36mActiveStorage::Attachment Load (0.5ms)[0m  [1m[34mSELECT "active_storage_attachments".* FROM "active_storage_attachments" WHERE "active_storage_attachments"."record_id" = ? AND "active_storage_attachments"."record_type" = ? AND "active_storage_attachments"."name" = ? LIMIT ?[0m  [["record_id", 29], ["record_type", "Post"], ["name", "image"], ["LIMIT", 1]]
  ↳ app/helpers/posts_helper.rb:3:in `post_image'
  Rendered posts/index.html.erb within layouts/application (Duration: 23.7ms | Allocations: 2655)
[Webpacker] Everything's up-to-date. Nothing to do
  Rendered layouts/_header.html.erb (Duration: 0.3ms | Allocations: 154)
Completed 200 OK in 101ms (Views: 94.3ms | ActiveRecord: 2.6ms | Allocations: 9438)


Started GET "/" for ::1 at 2020-01-04 15:32:13 +0400
Processing by PostsController#landing_page as HTML
  [1m[36mUser Load (1.6ms)[0m  [1m[34mSELECT "users".* FROM "users" WHERE "users"."id" = ? ORDER BY "users"."id" ASC LIMIT ?[0m  [["id", 3], ["LIMIT", 1]]
  Rendering posts/landing_page.html.erb within layouts/application
  [1m[36mPost Load (0.4ms)[0m  [1m[34mSELECT "posts".* FROM "posts"[0m
  ↳ app/views/posts/landing_page.html.erb:10
  [1m[36mActiveStorage::Attachment Load (0.4ms)[0m  [1m[34mSELECT "active_storage_attachments".* FROM "active_storage_attachments" WHERE "active_storage_attachments"."record_id" = ? AND "active_storage_attachments"."record_type" = ? AND "active_storage_attachments"."name" = ? LIMIT ?[0m  [["record_id", 29], ["record_type", "Post"], ["name", "image"], ["LIMIT", 1]]
  ↳ app/helpers/posts_helper.rb:3:in `post_image'
  Rendered posts/landing_page.html.erb within layouts/application (Duration: 14.8ms | Allocations: 2532)
[Webpacker] Everything's up-to-date. Nothing to do
  Rendered layouts/_header.html.erb (Duration: 0.3ms | Allocations: 154)
Completed 200 OK in 89ms (Views: 80.2ms | ActiveRecord: 2.3ms | Allocations: 9306)


Started GET "/" for ::1 at 2020-01-04 15:34:10 +0400
Processing by PostsController#landing_page as HTML
  [1m[36mUser Load (0.5ms)[0m  [1m[34mSELECT "users".* FROM "users" WHERE "users"."id" = ? ORDER BY "users"."id" ASC LIMIT ?[0m  [["id", 3], ["LIMIT", 1]]
  Rendering posts/landing_page.html.erb within layouts/application
  [1m[36mPost Load (0.4ms)[0m  [1m[34mSELECT "posts".* FROM "posts"[0m
  ↳ app/views/posts/landing_page.html.erb:15
  [1m[36mActiveStorage::Attachment Load (0.5ms)[0m  [1m[34mSELECT "active_storage_attachments".* FROM "active_storage_attachments" WHERE "active_storage_attachments"."record_id" = ? AND "active_storage_attachments"."record_type" = ? AND "active_storage_attachments"."name" = ? LIMIT ?[0m  [["record_id", 29], ["record_type", "Post"], ["name", "image"], ["LIMIT", 1]]
  ↳ app/helpers/posts_helper.rb:3:in `post_image'
  Rendered posts/landing_page.html.erb within layouts/application (Duration: 55.1ms | Allocations: 3637)
[Webpacker] Everything's up-to-date. Nothing to do
  Rendered layouts/_header.html.erb (Duration: 2.0ms | Allocations: 461)
Completed 200 OK in 172ms (Views: 157.3ms | ActiveRecord: 1.4ms | Allocations: 12090)


Started GET "/" for ::1 at 2020-01-04 15:34:26 +0400
Processing by PostsController#landing_page as HTML
  [1m[36mUser Load (0.7ms)[0m  [1m[34mSELECT "users".* FROM "users" WHERE "users"."id" = ? ORDER BY "users"."id" ASC LIMIT ?[0m  [["id", 3], ["LIMIT", 1]]
  Rendering posts/landing_page.html.erb within layouts/application
  [1m[36mPost Load (0.5ms)[0m  [1m[34mSELECT "posts".* FROM "posts"[0m
  ↳ app/views/posts/landing_page.html.erb:15
  [1m[36mActiveStorage::Attachment Load (1.1ms)[0m  [1m[34mSELECT "active_storage_attachments".* FROM "active_storage_attachments" WHERE "active_storage_attachments"."record_id" = ? AND "active_storage_attachments"."record_type" = ? AND "active_storage_attachments"."name" = ? LIMIT ?[0m  [["record_id", 29], ["record_type", "Post"], ["name", "image"], ["LIMIT", 1]]
  ↳ app/helpers/posts_helper.rb:3:in `post_image'
  Rendered posts/landing_page.html.erb within layouts/application (Duration: 44.0ms | Allocations: 2795)
[Webpacker] Everything's up-to-date. Nothing to do
  Rendered layouts/_header.html.erb (Duration: 3.6ms | Allocations: 496)
Completed 200 OK in 266ms (Views: 244.8ms | ActiveRecord: 2.2ms | Allocations: 23255)


Started GET "/" for ::1 at 2020-01-04 15:34:45 +0400
Processing by PostsController#landing_page as HTML
  [1m[36mUser Load (0.4ms)[0m  [1m[34mSELECT "users".* FROM "users" WHERE "users"."id" = ? ORDER BY "users"."id" ASC LIMIT ?[0m  [["id", 3], ["LIMIT", 1]]
  Rendering posts/landing_page.html.erb within layouts/application
  [1m[36mPost Load (1.4ms)[0m  [1m[34mSELECT "posts".* FROM "posts"[0m
  ↳ app/views/posts/landing_page.html.erb:16
  [1m[36mActiveStorage::Attachment Load (0.5ms)[0m  [1m[34mSELECT "active_storage_attachments".* FROM "active_storage_attachments" WHERE "active_storage_attachments"."record_id" = ? AND "active_storage_attachments"."record_type" = ? AND "active_storage_attachments"."name" = ? LIMIT ?[0m  [["record_id", 29], ["record_type", "Post"], ["name", "image"], ["LIMIT", 1]]
  ↳ app/helpers/posts_helper.rb:3:in `post_image'
  Rendered posts/landing_page.html.erb within layouts/application (Duration: 53.3ms | Allocations: 10156)
[Webpacker] Everything's up-to-date. Nothing to do
  Rendered layouts/_header.html.erb (Duration: 2.2ms | Allocations: 461)
Completed 200 OK in 182ms (Views: 167.7ms | ActiveRecord: 2.4ms | Allocations: 21897)


Started GET "/" for ::1 at 2020-01-04 15:34:49 +0400
Processing by PostsController#landing_page as HTML
  [1m[36mUser Load (0.4ms)[0m  [1m[34mSELECT "users".* FROM "users" WHERE "users"."id" = ? ORDER BY "users"."id" ASC LIMIT ?[0m  [["id", 3], ["LIMIT", 1]]
  Rendering posts/landing_page.html.erb within layouts/application
  [1m[36mPost Load (0.3ms)[0m  [1m[34mSELECT "posts".* FROM "posts"[0m
  ↳ app/views/posts/landing_page.html.erb:16
  [1m[36mActiveStorage::Attachment Load (0.3ms)[0m  [1m[34mSELECT "active_storage_attachments".* FROM "active_storage_attachments" WHERE "active_storage_attachments"."record_id" = ? AND "active_storage_attachments"."record_type" = ? AND "active_storage_attachments"."name" = ? LIMIT ?[0m  [["record_id", 29], ["record_type", "Post"], ["name", "image"], ["LIMIT", 1]]
  ↳ app/helpers/posts_helper.rb:3:in `post_image'
  Rendered posts/landing_page.html.erb within layouts/application (Duration: 16.0ms | Allocations: 2534)
[Webpacker] Everything's up-to-date. Nothing to do
  Rendered layouts/_header.html.erb (Duration: 0.3ms | Allocations: 154)
Completed 200 OK in 92ms (Views: 86.7ms | ActiveRecord: 1.0ms | Allocations: 9340)


Started GET "/" for ::1 at 2020-01-04 15:35:04 +0400
Processing by PostsController#landing_page as HTML
  [1m[36mUser Load (0.5ms)[0m  [1m[34mSELECT "users".* FROM "users" WHERE "users"."id" = ? ORDER BY "users"."id" ASC LIMIT ?[0m  [["id", 3], ["LIMIT", 1]]
  Rendering posts/landing_page.html.erb within layouts/application
  [1m[36mPost Load (0.5ms)[0m  [1m[34mSELECT "posts".* FROM "posts"[0m
  ↳ app/views/posts/landing_page.html.erb:15
  [1m[36mActiveStorage::Attachment Load (0.7ms)[0m  [1m[34mSELECT "active_storage_attachments".* FROM "active_storage_attachments" WHERE "active_storage_attachments"."record_id" = ? AND "active_storage_attachments"."record_type" = ? AND "active_storage_attachments"."name" = ? LIMIT ?[0m  [["record_id", 29], ["record_type", "Post"], ["name", "image"], ["LIMIT", 1]]
  ↳ app/helpers/posts_helper.rb:3:in `post_image'
  Rendered posts/landing_page.html.erb within layouts/application (Duration: 46.6ms | Allocations: 2795)
[Webpacker] Everything's up-to-date. Nothing to do
  Rendered layouts/_header.html.erb (Duration: 3.3ms | Allocations: 461)
Completed 200 OK in 171ms (Views: 158.5ms | ActiveRecord: 1.6ms | Allocations: 12104)


Started GET "/search" for ::1 at 2020-01-04 15:35:07 +0400
  
ActionController::RoutingError (No route matches [GET] "/search"):
  
actionpack (6.0.2.1) lib/action_dispatch/middleware/debug_exceptions.rb:36:in `call'
web-console (4.0.1) lib/web_console/middleware.rb:132:in `call_app'
web-console (4.0.1) lib/web_console/middleware.rb:28:in `block in call'
web-console (4.0.1) lib/web_console/middleware.rb:17:in `catch'
web-console (4.0.1) lib/web_console/middleware.rb:17:in `call'
actionpack (6.0.2.1) lib/action_dispatch/middleware/show_exceptions.rb:33:in `call'
railties (6.0.2.1) lib/rails/rack/logger.rb:38:in `call_app'
railties (6.0.2.1) lib/rails/rack/logger.rb:26:in `block in call'
activesupport (6.0.2.1) lib/active_support/tagged_logging.rb:80:in `block in tagged'
activesupport (6.0.2.1) lib/active_support/tagged_logging.rb:28:in `tagged'
activesupport (6.0.2.1) lib/active_support/tagged_logging.rb:80:in `tagged'
railties (6.0.2.1) lib/rails/rack/logger.rb:26:in `call'
sprockets-rails (3.2.1) lib/sprockets/rails/quiet_assets.rb:13:in `call'
actionpack (6.0.2.1) lib/action_dispatch/middleware/remote_ip.rb:81:in `call'
actionpack (6.0.2.1) lib/action_dispatch/middleware/request_id.rb:27:in `call'
rack (2.0.8) lib/rack/method_override.rb:22:in `call'
rack (2.0.8) lib/rack/runtime.rb:22:in `call'
activesupport (6.0.2.1) lib/active_support/cache/strategy/local_cache_middleware.rb:29:in `call'
actionpack (6.0.2.1) lib/action_dispatch/middleware/executor.rb:14:in `call'
actionpack (6.0.2.1) lib/action_dispatch/middleware/static.rb:126:in `call'
rack (2.0.8) lib/rack/sendfile.rb:111:in `call'
actionpack (6.0.2.1) lib/action_dispatch/middleware/host_authorization.rb:83:in `call'
webpacker (4.2.2) lib/webpacker/dev_server_proxy.rb:23:in `perform_request'
rack-proxy (0.6.5) lib/rack/proxy.rb:57:in `call'
railties (6.0.2.1) lib/rails/engine.rb:526:in `call'
puma (4.3.1) lib/puma/configuration.rb:228:in `call'
puma (4.3.1) lib/puma/server.rb:681:in `handle_request'
puma (4.3.1) lib/puma/server.rb:472:in `process_client'
puma (4.3.1) lib/puma/server.rb:328:in `block in run'
puma (4.3.1) lib/puma/thread_pool.rb:134:in `block in spawn_thread'
Started GET "/" for ::1 at 2020-01-04 15:35:19 +0400
Processing by PostsController#landing_page as HTML
  [1m[36mUser Load (0.5ms)[0m  [1m[34mSELECT "users".* FROM "users" WHERE "users"."id" = ? ORDER BY "users"."id" ASC LIMIT ?[0m  [["id", 3], ["LIMIT", 1]]
  Rendering posts/landing_page.html.erb within layouts/application
  [1m[36mPost Load (0.5ms)[0m  [1m[34mSELECT "posts".* FROM "posts"[0m
  ↳ app/views/posts/landing_page.html.erb:15
  [1m[36mActiveStorage::Attachment Load (0.4ms)[0m  [1m[34mSELECT "active_storage_attachments".* FROM "active_storage_attachments" WHERE "active_storage_attachments"."record_id" = ? AND "active_storage_attachments"."record_type" = ? AND "active_storage_attachments"."name" = ? LIMIT ?[0m  [["record_id", 29], ["record_type", "Post"], ["name", "image"], ["LIMIT", 1]]
  ↳ app/helpers/posts_helper.rb:3:in `post_image'
  Rendered posts/landing_page.html.erb within layouts/application (Duration: 59.2ms | Allocations: 2820)
[Webpacker] Everything's up-to-date. Nothing to do
  Rendered layouts/_header.html.erb (Duration: 4.7ms | Allocations: 461)
Completed 200 OK in 216ms (Views: 205.0ms | ActiveRecord: 1.4ms | Allocations: 11349)


Started GET "/search?q=sad" for ::1 at 2020-01-04 15:35:23 +0400
  
ActionController::RoutingError (No route matches [GET] "/search"):
  
actionpack (6.0.2.1) lib/action_dispatch/middleware/debug_exceptions.rb:36:in `call'
web-console (4.0.1) lib/web_console/middleware.rb:132:in `call_app'
web-console (4.0.1) lib/web_console/middleware.rb:28:in `block in call'
web-console (4.0.1) lib/web_console/middleware.rb:17:in `catch'
web-console (4.0.1) lib/web_console/middleware.rb:17:in `call'
actionpack (6.0.2.1) lib/action_dispatch/middleware/show_exceptions.rb:33:in `call'
railties (6.0.2.1) lib/rails/rack/logger.rb:38:in `call_app'
railties (6.0.2.1) lib/rails/rack/logger.rb:26:in `block in call'
activesupport (6.0.2.1) lib/active_support/tagged_logging.rb:80:in `block in tagged'
activesupport (6.0.2.1) lib/active_support/tagged_logging.rb:28:in `tagged'
activesupport (6.0.2.1) lib/active_support/tagged_logging.rb:80:in `tagged'
railties (6.0.2.1) lib/rails/rack/logger.rb:26:in `call'
sprockets-rails (3.2.1) lib/sprockets/rails/quiet_assets.rb:13:in `call'
actionpack (6.0.2.1) lib/action_dispatch/middleware/remote_ip.rb:81:in `call'
actionpack (6.0.2.1) lib/action_dispatch/middleware/request_id.rb:27:in `call'
rack (2.0.8) lib/rack/method_override.rb:22:in `call'
rack (2.0.8) lib/rack/runtime.rb:22:in `call'
activesupport (6.0.2.1) lib/active_support/cache/strategy/local_cache_middleware.rb:29:in `call'
actionpack (6.0.2.1) lib/action_dispatch/middleware/executor.rb:14:in `call'
actionpack (6.0.2.1) lib/action_dispatch/middleware/static.rb:126:in `call'
rack (2.0.8) lib/rack/sendfile.rb:111:in `call'
actionpack (6.0.2.1) lib/action_dispatch/middleware/host_authorization.rb:83:in `call'
webpacker (4.2.2) lib/webpacker/dev_server_proxy.rb:23:in `perform_request'
rack-proxy (0.6.5) lib/rack/proxy.rb:57:in `call'
railties (6.0.2.1) lib/rails/engine.rb:526:in `call'
puma (4.3.1) lib/puma/configuration.rb:228:in `call'
puma (4.3.1) lib/puma/server.rb:681:in `handle_request'
puma (4.3.1) lib/puma/server.rb:472:in `process_client'
puma (4.3.1) lib/puma/server.rb:328:in `block in run'
puma (4.3.1) lib/puma/thread_pool.rb:134:in `block in spawn_thread'
  [1m[35m (14.5ms)[0m  [1m[34mSELECT sqlite_version(*)[0m
  [1m[36mPost Load (0.5ms)[0m  [1m[34mSELECT "posts".* FROM "posts" LIMIT ?[0m  [["LIMIT", 11]]
Started GET "/search?q=asd" for ::1 at 2020-01-04 15:40:48 +0400
  [1m[35m (0.2ms)[0m  [1m[34mSELECT sqlite_version(*)[0m
  
ActionController::RoutingError (No route matches [GET] "/search"):
  
actionpack (6.0.2.1) lib/action_dispatch/middleware/debug_exceptions.rb:36:in `call'
web-console (4.0.1) lib/web_console/middleware.rb:132:in `call_app'
web-console (4.0.1) lib/web_console/middleware.rb:28:in `block in call'
web-console (4.0.1) lib/web_console/middleware.rb:17:in `catch'
web-console (4.0.1) lib/web_console/middleware.rb:17:in `call'
actionpack (6.0.2.1) lib/action_dispatch/middleware/show_exceptions.rb:33:in `call'
railties (6.0.2.1) lib/rails/rack/logger.rb:38:in `call_app'
railties (6.0.2.1) lib/rails/rack/logger.rb:26:in `block in call'
activesupport (6.0.2.1) lib/active_support/tagged_logging.rb:80:in `block in tagged'
activesupport (6.0.2.1) lib/active_support/tagged_logging.rb:28:in `tagged'
activesupport (6.0.2.1) lib/active_support/tagged_logging.rb:80:in `tagged'
railties (6.0.2.1) lib/rails/rack/logger.rb:26:in `call'
sprockets-rails (3.2.1) lib/sprockets/rails/quiet_assets.rb:13:in `call'
actionpack (6.0.2.1) lib/action_dispatch/middleware/remote_ip.rb:81:in `call'
actionpack (6.0.2.1) lib/action_dispatch/middleware/request_id.rb:27:in `call'
rack (2.0.8) lib/rack/method_override.rb:22:in `call'
rack (2.0.8) lib/rack/runtime.rb:22:in `call'
activesupport (6.0.2.1) lib/active_support/cache/strategy/local_cache_middleware.rb:29:in `call'
actionpack (6.0.2.1) lib/action_dispatch/middleware/executor.rb:14:in `call'
actionpack (6.0.2.1) lib/action_dispatch/middleware/static.rb:126:in `call'
rack (2.0.8) lib/rack/sendfile.rb:111:in `call'
actionpack (6.0.2.1) lib/action_dispatch/middleware/host_authorization.rb:83:in `call'
webpacker (4.2.2) lib/webpacker/dev_server_proxy.rb:23:in `perform_request'
rack-proxy (0.6.5) lib/rack/proxy.rb:57:in `call'
railties (6.0.2.1) lib/rails/engine.rb:526:in `call'
puma (4.3.1) lib/puma/configuration.rb:228:in `call'
puma (4.3.1) lib/puma/server.rb:681:in `handle_request'
puma (4.3.1) lib/puma/server.rb:472:in `process_client'
puma (4.3.1) lib/puma/server.rb:328:in `block in run'
puma (4.3.1) lib/puma/thread_pool.rb:134:in `block in spawn_thread'
Started GET "/search?q=asd" for ::1 at 2020-01-04 15:41:42 +0400
  
ArgumentError (Missing :controller key on routes definition, please check your routes.):
  
config/routes.rb:7:in `block in <top (required)>'
config/routes.rb:1:in `<top (required)>'
Started GET "/search?q=asd" for ::1 at 2020-01-04 15:42:18 +0400
  [1m[35m (0.1ms)[0m  [1m[34mSELECT sqlite_version(*)[0m
Processing by PostsController#search_art as HTML
  Parameters: {"q"=>"asd"}
  [1m[36mUser Load (0.5ms)[0m  [1m[34mSELECT "users".* FROM "users" WHERE "users"."id" = ? ORDER BY "users"."id" ASC LIMIT ?[0m  [["id", 3], ["LIMIT", 1]]
  Rendering posts/search_art.html.erb within layouts/application
  Rendered posts/search_art.html.erb within layouts/application (Duration: 10.9ms | Allocations: 88)
[Webpacker] Everything's up-to-date. Nothing to do
  Rendered layouts/_header.html.erb (Duration: 1.6ms | Allocations: 488)
Completed 200 OK in 151ms (Views: 117.3ms | ActiveRecord: 5.3ms | Allocations: 15699)


Started GET "/" for ::1 at 2020-01-04 15:42:21 +0400
Processing by PostsController#landing_page as HTML
  [1m[36mUser Load (0.9ms)[0m  [1m[34mSELECT "users".* FROM "users" WHERE "users"."id" = ? ORDER BY "users"."id" ASC LIMIT ?[0m  [["id", 3], ["LIMIT", 1]]
  Rendering posts/landing_page.html.erb within layouts/application
  [1m[36mPost Load (0.5ms)[0m  [1m[34mSELECT "posts".* FROM "posts"[0m
  ↳ app/views/posts/landing_page.html.erb:15
  [1m[36mActiveStorage::Attachment Load (1.1ms)[0m  [1m[34mSELECT "active_storage_attachments".* FROM "active_storage_attachments" WHERE "active_storage_attachments"."record_id" = ? AND "active_storage_attachments"."record_type" = ? AND "active_storage_attachments"."name" = ? LIMIT ?[0m  [["record_id", 29], ["record_type", "Post"], ["name", "image"], ["LIMIT", 1]]
  ↳ app/helpers/posts_helper.rb:3:in `post_image'
  Rendered posts/landing_page.html.erb within layouts/application (Duration: 57.6ms | Allocations: 10938)
[Webpacker] Everything's up-to-date. Nothing to do
  Rendered layouts/_header.html.erb (Duration: 0.5ms | Allocations: 157)
Completed 200 OK in 186ms (Views: 137.8ms | ActiveRecord: 7.3ms | Allocations: 27837)


Started GET "/search?q=asdasd" for ::1 at 2020-01-04 15:42:24 +0400
Processing by PostsController#search_art as HTML
  Parameters: {"q"=>"asdasd"}
  [1m[36mUser Load (0.5ms)[0m  [1m[34mSELECT "users".* FROM "users" WHERE "users"."id" = ? ORDER BY "users"."id" ASC LIMIT ?[0m  [["id", 3], ["LIMIT", 1]]
  Rendering posts/search_art.html.erb within layouts/application
  Rendered posts/search_art.html.erb within layouts/application (Duration: 0.1ms | Allocations: 4)
[Webpacker] Everything's up-to-date. Nothing to do
  Rendered layouts/_header.html.erb (Duration: 0.6ms | Allocations: 176)
Completed 200 OK in 89ms (Views: 84.2ms | ActiveRecord: 0.5ms | Allocations: 6896)


Started GET "/search?q=asdasd" for ::1 at 2020-01-04 15:42:48 +0400
Processing by PostsController#search_art as HTML
  Parameters: {"q"=>"asdasd"}
  [1m[36mUser Load (3.0ms)[0m  [1m[34mSELECT "users".* FROM "users" WHERE "users"."id" = ? ORDER BY "users"."id" ASC LIMIT ?[0m  [["id", 3], ["LIMIT", 1]]
  Rendering posts/search_art.html.erb within layouts/application
  Rendered posts/search_art.html.erb within layouts/application (Duration: 943.9ms | Allocations: 189328)
Completed 500 Internal Server Error in 1001ms (ActiveRecord: 3.0ms | Allocations: 194433)


  
ActionView::Template::Error (undefined local variable or method `search_art' for #<#<Class:0x0000000009988c40>:0x0000000009045340>
Did you mean?  search_path
               search_url):
    1: <h1>Search Result</h1>
    2: 
    3: <%= prints search_art%>
  
app/views/posts/search_art.html.erb:3
Started GET "/search?q=asdasd" for ::1 at 2020-01-04 15:43:15 +0400
Processing by PostsController#search_art as HTML
  Parameters: {"q"=>"asdasd"}
  [1m[36mUser Load (0.8ms)[0m  [1m[34mSELECT "users".* FROM "users" WHERE "users"."id" = ? ORDER BY "users"."id" ASC LIMIT ?[0m  [["id", 3], ["LIMIT", 1]]
  Rendering posts/search_art.html.erb within layouts/application
  Rendered posts/search_art.html.erb within layouts/application (Duration: 658.9ms | Allocations: 188580)
Completed 500 Internal Server Error in 722ms (ActiveRecord: 0.8ms | Allocations: 196408)


  
ActionView::Template::Error (undefined local variable or method `search_art' for #<#<Class:0x0000000009a2f720>:0x0000000009a2dda8>
Did you mean?  search_path
               search_url):
    1: <h1>Search Result</h1>
    2: 
    3: <%= render search_art%>
  
app/views/posts/search_art.html.erb:3
Started GET "/" for ::1 at 2020-01-04 15:43:19 +0400
Processing by PostsController#landing_page as HTML
  [1m[36mUser Load (0.7ms)[0m  [1m[34mSELECT "users".* FROM "users" WHERE "users"."id" = ? ORDER BY "users"."id" ASC LIMIT ?[0m  [["id", 3], ["LIMIT", 1]]
  Rendering posts/landing_page.html.erb within layouts/application
  [1m[36mPost Load (1.1ms)[0m  [1m[34mSELECT "posts".* FROM "posts"[0m
  ↳ app/views/posts/landing_page.html.erb:15
  [1m[36mActiveStorage::Attachment Load (1.4ms)[0m  [1m[34mSELECT "active_storage_attachments".* FROM "active_storage_attachments" WHERE "active_storage_attachments"."record_id" = ? AND "active_storage_attachments"."record_type" = ? AND "active_storage_attachments"."name" = ? LIMIT ?[0m  [["record_id", 29], ["record_type", "Post"], ["name", "image"], ["LIMIT", 1]]
  ↳ app/helpers/posts_helper.rb:3:in `post_image'
  Rendered posts/landing_page.html.erb within layouts/application (Duration: 44.3ms | Allocations: 2805)
[Webpacker] Everything's up-to-date. Nothing to do
  Rendered layouts/_header.html.erb (Duration: 1.6ms | Allocations: 478)
Completed 200 OK in 158ms (Views: 136.2ms | ActiveRecord: 3.2ms | Allocations: 10573)


Started GET "/search?q=Blue+Pig" for ::1 at 2020-01-04 15:43:28 +0400
Processing by PostsController#search_art as HTML
  Parameters: {"q"=>"Blue Pig"}
  [1m[36mUser Load (1.0ms)[0m  [1m[34mSELECT "users".* FROM "users" WHERE "users"."id" = ? ORDER BY "users"."id" ASC LIMIT ?[0m  [["id", 3], ["LIMIT", 1]]
  Rendering posts/search_art.html.erb within layouts/application
  Rendered posts/search_art.html.erb within layouts/application (Duration: 614.8ms | Allocations: 178872)
Completed 500 Internal Server Error in 637ms (ActiveRecord: 1.0ms | Allocations: 180903)


  
ActionView::Template::Error (undefined local variable or method `search_art' for #<#<Class:0x0000000009a2f720>:0x000000000980cb78>
Did you mean?  search_path
               search_url):
    1: <h1>Search Result</h1>
    2: 
    3: <%= render search_art%>
  
app/views/posts/search_art.html.erb:3
Started GET "/search?q=Blue+Pig" for ::1 at 2020-01-04 15:43:56 +0400
Processing by PostsController#search_art as HTML
  Parameters: {"q"=>"Blue Pig"}
  [1m[36mUser Load (0.7ms)[0m  [1m[34mSELECT "users".* FROM "users" WHERE "users"."id" = ? ORDER BY "users"."id" ASC LIMIT ?[0m  [["id", 3], ["LIMIT", 1]]
  Rendering posts/search_art.html.erb within layouts/application
  Rendered posts/search_art.html.erb within layouts/application (Duration: 20.8ms | Allocations: 1008)
Completed 500 Internal Server Error in 51ms (ActiveRecord: 0.7ms | Allocations: 3785)


  
ActionView::Template::Error ('nil' is not an ActiveModel-compatible object. It must implement :to_partial_path.):
    1: <h1>Search Result</h1>
    2: 
    3: <%= render @search_art%>
  
app/views/posts/search_art.html.erb:3
Started GET "/search?q=" for ::1 at 2020-01-04 15:44:21 +0400
Processing by PostsController#search_art as HTML
  Parameters: {"q"=>""}
  [1m[36mUser Load (0.5ms)[0m  [1m[34mSELECT "users".* FROM "users" WHERE "users"."id" = ? ORDER BY "users"."id" ASC LIMIT ?[0m  [["id", 3], ["LIMIT", 1]]
  Rendering posts/search_art.html.erb within layouts/application
  Rendered posts/search_art.html.erb within layouts/application (Duration: 0.7ms | Allocations: 912)
Completed 500 Internal Server Error in 10ms (ActiveRecord: 0.5ms | Allocations: 2869)


  
ActionView::Template::Error ('nil' is not an ActiveModel-compatible object. It must implement :to_partial_path.):
    1: <h1>Search Result</h1>
    2: 
    3: <%= render @search_art%>
  
app/views/posts/search_art.html.erb:3
Started GET "/" for ::1 at 2020-01-04 15:46:14 +0400
Processing by PostsController#landing_page as HTML
  [1m[36mUser Load (0.6ms)[0m  [1m[34mSELECT "users".* FROM "users" WHERE "users"."id" = ? ORDER BY "users"."id" ASC LIMIT ?[0m  [["id", 3], ["LIMIT", 1]]
  Rendering posts/landing_page.html.erb within layouts/application
  [1m[36mPost Load (1.0ms)[0m  [1m[34mSELECT "posts".* FROM "posts"[0m
  ↳ app/views/posts/landing_page.html.erb:15
  [1m[36mActiveStorage::Attachment Load (0.5ms)[0m  [1m[34mSELECT "active_storage_attachments".* FROM "active_storage_attachments" WHERE "active_storage_attachments"."record_id" = ? AND "active_storage_attachments"."record_type" = ? AND "active_storage_attachments"."name" = ? LIMIT ?[0m  [["record_id", 29], ["record_type", "Post"], ["name", "image"], ["LIMIT", 1]]
  ↳ app/helpers/posts_helper.rb:3:in `post_image'
  Rendered posts/landing_page.html.erb within layouts/application (Duration: 80.3ms | Allocations: 9200)
[Webpacker] Everything's up-to-date. Nothing to do
  Rendered layouts/_header.html.erb (Duration: 1.6ms | Allocations: 461)
Completed 200 OK in 238ms (Views: 221.7ms | ActiveRecord: 2.1ms | Allocations: 31862)


Started GET "/search?q=Blue+Pig" for ::1 at 2020-01-04 15:46:20 +0400
Processing by PostsController#search_art as HTML
  Parameters: {"q"=>"Blue Pig"}
  [1m[36mUser Load (0.5ms)[0m  [1m[34mSELECT "users".* FROM "users" WHERE "users"."id" = ? ORDER BY "users"."id" ASC LIMIT ?[0m  [["id", 3], ["LIMIT", 1]]
  Rendering posts/search_art.html.erb within layouts/application
  Rendered posts/search_art.html.erb within layouts/application (Duration: 23.5ms | Allocations: 178)
[Webpacker] Everything's up-to-date. Nothing to do
  Rendered layouts/_header.html.erb (Duration: 0.7ms | Allocations: 183)
Completed 200 OK in 157ms (Views: 134.4ms | ActiveRecord: 0.5ms | Allocations: 17750)


Started GET "/search?q=Blue+Pig" for ::1 at 2020-01-04 15:46:25 +0400
Processing by PostsController#search_art as HTML
  Parameters: {"q"=>"Blue Pig"}
  [1m[36mUser Load (0.5ms)[0m  [1m[34mSELECT "users".* FROM "users" WHERE "users"."id" = ? ORDER BY "users"."id" ASC LIMIT ?[0m  [["id", 3], ["LIMIT", 1]]
  Rendering posts/search_art.html.erb within layouts/application
  Rendered posts/search_art.html.erb within layouts/application (Duration: 0.1ms | Allocations: 4)
[Webpacker] Everything's up-to-date. Nothing to do
  Rendered layouts/_header.html.erb (Duration: 0.5ms | Allocations: 176)
Completed 200 OK in 124ms (Views: 103.3ms | ActiveRecord: 0.5ms | Allocations: 7214)


Started GET "/search?q=Blue+Pig" for ::1 at 2020-01-04 15:46:58 +0400
Processing by PostsController#search_art as HTML
  Parameters: {"q"=>"Blue Pig"}
  [1m[36mUser Load (0.6ms)[0m  [1m[34mSELECT "users".* FROM "users" WHERE "users"."id" = ? ORDER BY "users"."id" ASC LIMIT ?[0m  [["id", 3], ["LIMIT", 1]]
  Rendering posts/search_art.html.erb within layouts/application
  Rendered posts/search_art.html.erb within layouts/application (Duration: 16.7ms | Allocations: 1024)
Completed 500 Internal Server Error in 79ms (ActiveRecord: 0.6ms | Allocations: 3799)


  
ActionView::Template::Error ('nil' is not an ActiveModel-compatible object. It must implement :to_partial_path.):
    1: <h1>Search Result</h1>
    2: 
    3: <%= print @search_art%>
    4: <%= render @search_art%>
  
app/views/posts/search_art.html.erb:4
Started GET "/search?q=Blue+Pig" for ::1 at 2020-01-04 15:47:49 +0400
Processing by PostsController#search_art as HTML
  Parameters: {"q"=>"Blue Pig"}
  [1m[36mUser Load (0.4ms)[0m  [1m[34mSELECT "users".* FROM "users" WHERE "users"."id" = ? ORDER BY "users"."id" ASC LIMIT ?[0m  [["id", 3], ["LIMIT", 1]]
  Rendering posts/search_art.html.erb within layouts/application
  Rendered posts/search_art.html.erb within layouts/application (Duration: 24.5ms | Allocations: 4932)
Completed 500 Internal Server Error in 78ms (ActiveRecord: 0.4ms | Allocations: 10349)


  
ActionView::Template::Error ('nil' is not an ActiveModel-compatible object. It must implement :to_partial_path.):
    1: <h1>Search Result</h1>
    2: 
    3: <%= puts @search_art%>
    4: <%= render @search_art%>
  
app/views/posts/search_art.html.erb:4
